TN:
SF:/home/travis/build/platisd/smartcar_shield/src/car/Car.hpp
FN:6,_ZN3CarC2Ev
FN:9,_ZN3CarD0Ev
FN:9,_ZN3CarD2Ev
FNDA:0,_ZN3CarD0Ev
FNDA:190,_ZN3CarC2Ev
FNDA:190,_ZN3CarD2Ev
FNF:3
FNH:2
DA:6,190
DA:9,190
LF:2
LH:2
end_of_record
TN:
SF:/home/travis/build/platisd/smartcar_shield/src/car/distance/DistanceCar.cpp
FN:17,_ZN11DistanceCarC1ER7ControlR8OdometerR7Runtime
FN:17,_ZN11DistanceCarC2ER7ControlR8OdometerR7Runtime
FN:36,_ZN11DistanceCarC2ER7ControlR8OdometerS3_R7Runtime
FN:36,_ZN11DistanceCarC1ER7ControlR8OdometerS3_R7Runtime
FN:58,_ZN11DistanceCar11getDistanceEv
FN:64,_ZN11DistanceCar8setSpeedEf
FN:107,_ZN11DistanceCar5brakeEv
FN:134,_ZN11DistanceCar6updateEv
FN:184,_ZN11DistanceCar17controlMotorSpeedERKfS1_S1_
FN:199,_ZN11DistanceCar8getSpeedEv
FN:205,_ZN11DistanceCar20disableCruiseControlEv
FN:210,_ZN11DistanceCar19enableCruiseControlEfffm
FN:222,_ZN11DistanceCar20areOdometersAttachedEv
FN:227,_ZN11DistanceCar23areOdometersDirectionalEv
FN:232,_ZN11DistanceCar18overrideMotorSpeedEii
FNDA:215,_ZN11DistanceCar8getSpeedEv
FNDA:5,_ZN11DistanceCarC2ER7ControlR8OdometerS3_R7Runtime
FNDA:10,_ZN11DistanceCar5brakeEv
FNDA:75,_ZN11DistanceCar8setSpeedEf
FNDA:25,_ZN11DistanceCar18overrideMotorSpeedEii
FNDA:225,_ZN11DistanceCar6updateEv
FNDA:5,_ZN11DistanceCarC1ER7ControlR8OdometerR7Runtime
FNDA:200,_ZN11DistanceCar17controlMotorSpeedERKfS1_S1_
FNDA:555,_ZN11DistanceCar20areOdometersAttachedEv
FNDA:5,_ZN11DistanceCar20disableCruiseControlEv
FNDA:60,_ZN11DistanceCar19enableCruiseControlEfffm
FNDA:125,_ZN11DistanceCarC1ER7ControlR8OdometerS3_R7Runtime
FNDA:5,_ZN11DistanceCarC2ER7ControlR8OdometerR7Runtime
FNDA:40,_ZN11DistanceCar11getDistanceEv
FNDA:675,_ZN11DistanceCar23areOdometersDirectionalEv
FNF:15
FNH:15
DA:17,10
DA:32,10
DA:34,10
DA:36,130
DA:54,130
DA:56,130
DA:58,40
DA:60,75
DA:61,75
DA:64,75
DA:66,75
DA:68,5
DA:69,5
DA:71,140
DA:72,70
DA:75,70
DA:77,15
DA:78,15
DA:84,55
DA:85,55
DA:88,55
DA:89,55
DA:90,55
DA:91,55
DA:93,10
DA:94,10
DA:95,10
DA:100,45
DA:102,15
DA:104,45
DA:107,10
DA:111,10
DA:112,10
DA:117,10
DA:119,10
DA:120,10
DA:121,10
DA:122,10
DA:124,10
DA:127,10
DA:129,10
DA:130,10
DA:131,10
DA:132,10
DA:134,225
DA:136,225
DA:138,40
DA:141,210
DA:142,210
DA:144,5
DA:146,205
DA:150,205
DA:152,5
DA:154,200
DA:160,200
DA:162,50
DA:164,200
DA:168,200
DA:176,50
DA:179,200
DA:181,200
DA:184,200
DA:188,200
DA:189,200
DA:190,200
DA:191,200
DA:192,200
DA:194,400
DA:196,400
DA:199,215
DA:201,425
DA:202,425
DA:205,5
DA:207,5
DA:208,5
DA:210,60
DA:215,60
DA:216,60
DA:217,60
DA:218,60
DA:219,60
DA:220,60
DA:222,555
DA:224,555
DA:227,675
DA:229,675
DA:232,25
DA:234,25
DA:236,15
DA:239,10
LF:90
LH:90
end_of_record
TN:
SF:/home/travis/build/platisd/smartcar_shield/src/car/distance/DistanceCar.hpp
FN:30,_ZN11DistanceCarD2Ev
FN:30,_ZN11DistanceCarD0Ev
FN:30,_ZN11DistanceCarD1Ev
FNDA:0,_ZN11DistanceCarD0Ev
FNDA:130,_ZN11DistanceCarD1Ev
FNDA:10,_ZN11DistanceCarD2Ev
FNF:3
FNH:2
DA:30,140
LF:1
LH:1
end_of_record
TN:
SF:/home/travis/build/platisd/smartcar_shield/src/car/heading/HeadingCar.cpp
FN:3,_ZN10HeadingCarC2ER7ControlR13HeadingSensor
FN:3,_ZN10HeadingCarC1ER7ControlR13HeadingSensor
FN:9,_ZN10HeadingCar10getHeadingEv
FN:14,_ZN10HeadingCar6updateEv
FNDA:10,_ZN10HeadingCar6updateEv
FNDA:10,_ZN10HeadingCarC1ER7ControlR13HeadingSensor
FNDA:5,_ZN10HeadingCar10getHeadingEv
FNDA:10,_ZN10HeadingCarC2ER7ControlR13HeadingSensor
FNF:4
FNH:4
DA:3,20
DA:5,20
DA:7,20
DA:9,5
DA:11,5
DA:14,10
DA:16,10
DA:17,10
LF:8
LH:8
end_of_record
TN:
SF:/home/travis/build/platisd/smartcar_shield/src/car/heading/HeadingCar.hpp
FN:9,_ZN10HeadingCarD1Ev
FN:9,_ZN10HeadingCarD2Ev
FN:9,_ZN10HeadingCarD0Ev
FNDA:10,_ZN10HeadingCarD2Ev
FNDA:0,_ZN10HeadingCarD0Ev
FNDA:10,_ZN10HeadingCarD1Ev
FNF:3
FNH:2
DA:9,20
LF:1
LH:1
end_of_record
TN:
SF:/home/travis/build/platisd/smartcar_shield/src/car/simple/SimpleCar.cpp
FN:7,_ZN9SimpleCarC2ER7Control
FN:12,_ZN9SimpleCar8setSpeedEf
FN:17,_ZN9SimpleCar8setAngleEi
FN:22,_ZN9SimpleCar18overrideMotorSpeedEii
FNDA:20,_ZN9SimpleCar18overrideMotorSpeedEii
FNDA:15,_ZN9SimpleCar8setAngleEi
FNDA:255,_ZN9SimpleCar8setSpeedEf
FNDA:190,_ZN9SimpleCarC2ER7Control
FNF:4
FNH:4
DA:7,190
DA:8,190
DA:10,190
DA:12,255
DA:14,255
DA:15,255
DA:17,15
DA:19,15
DA:20,15
DA:22,20
DA:24,40
DA:25,40
DA:26,20
LF:13
LH:13
end_of_record
TN:
SF:/home/travis/build/platisd/smartcar_shield/src/car/simple/SimpleCar.hpp
FN:18,_ZN9SimpleCarD2Ev
FN:18,_ZN9SimpleCarD0Ev
FNDA:0,_ZN9SimpleCarD0Ev
FNDA:190,_ZN9SimpleCarD2Ev
FNF:2
FNH:1
DA:18,190
LF:1
LH:1
end_of_record
TN:
SF:/home/travis/build/platisd/smartcar_shield/src/car/smart/SmartCar.cpp
FN:3,_ZN8SmartCarC1ER7ControlR13HeadingSensorR8OdometerR7Runtime
FN:3,_ZN8SmartCarC2ER7ControlR13HeadingSensorR8OdometerR7Runtime
FN:13,_ZN8SmartCarC1ER7ControlR13HeadingSensorR8OdometerS5_R7Runtime
FN:13,_ZN8SmartCarC2ER7ControlR13HeadingSensorR8OdometerS5_R7Runtime
FN:24,_ZN8SmartCar6updateEv
FNDA:5,_ZN8SmartCarC1ER7ControlR13HeadingSensorR8OdometerR7Runtime
FNDA:5,_ZN8SmartCarC1ER7ControlR13HeadingSensorR8OdometerS5_R7Runtime
FNDA:5,_ZN8SmartCar6updateEv
FNDA:0,_ZN8SmartCarC2ER7ControlR13HeadingSensorR8OdometerS5_R7Runtime
FNDA:0,_ZN8SmartCarC2ER7ControlR13HeadingSensorR8OdometerR7Runtime
FNF:5
FNH:3
DA:3,5
DA:9,5
DA:11,5
DA:13,5
DA:20,5
DA:22,5
DA:24,5
DA:26,5
DA:27,5
DA:28,5
LF:10
LH:10
end_of_record
TN:
SF:/home/travis/build/platisd/smartcar_shield/src/car/smart/SmartCar.hpp
FN:15,_ZN8SmartCarD1Ev
FN:15,_ZN8SmartCarD0Ev
FNDA:0,_ZN8SmartCarD0Ev
FNDA:10,_ZN8SmartCarD1Ev
FNF:2
FNH:1
DA:15,10
LF:1
LH:1
end_of_record
TN:
SF:/home/travis/build/platisd/smartcar_shield/src/control/Control.hpp
FN:22,_ZN7ControlC2Ev
FN:25,_ZN7ControlD2Ev
FN:25,_ZN7ControlD0Ev
FNDA:295,_ZN7ControlC2Ev
FNDA:295,_ZN7ControlD2Ev
FNDA:0,_ZN7ControlD0Ev
FNF:3
FNH:2
DA:22,295
DA:25,295
LF:2
LH:2
end_of_record
TN:
SF:/home/travis/build/platisd/smartcar_shield/src/control/ackerman/AckermanControl.cpp
FN:9,_ZN15AckermanControlC2ER5MotorS1_
FN:15,_ZN15AckermanControl8setAngleEi
FN:25,_ZN15AckermanControl8setSpeedEi
FN:31,_ZN15AckermanControl18overrideMotorSpeedEii
FNDA:20,_ZN15AckermanControl8setSpeedEi
FNDA:50,_ZN15AckermanControlC2ER5MotorS1_
FNDA:10,_ZN15AckermanControl18overrideMotorSpeedEii
FNDA:20,_ZN15AckermanControl8setAngleEi
FNF:4
FNH:4
DA:9,50
DA:11,50
DA:13,50
DA:15,20
DA:17,40
DA:21,20
DA:22,20
DA:23,20
DA:25,20
DA:27,20
DA:28,20
DA:29,20
DA:31,10
DA:33,10
DA:34,10
DA:36,10
DA:37,10
DA:38,10
LF:18
LH:18
end_of_record
TN:
SF:/home/travis/build/platisd/smartcar_shield/src/control/ackerman/AckermanControl.hpp
FN:10,_ZN15AckermanControlD0Ev
FN:10,_ZN15AckermanControlD2Ev
FNDA:0,_ZN15AckermanControlD0Ev
FNDA:50,_ZN15AckermanControlD2Ev
FNF:2
FNH:1
DA:10,50
LF:1
LH:1
end_of_record
TN:
SF:/home/travis/build/platisd/smartcar_shield/src/control/differential/DifferentialControl.cpp
FN:9,_ZN19DifferentialControlC2ER5MotorS1_
FN:17,_ZN19DifferentialControl8setAngleEi
FN:23,_ZN19DifferentialControl8setSpeedEi
FN:29,_ZN19DifferentialControl9setMotorsEv
FN:48,_ZN19DifferentialControl18overrideMotorSpeedEii
FNDA:45,_ZN19DifferentialControl8setSpeedEi
FNDA:75,_ZN19DifferentialControl9setMotorsEv
FNDA:30,_ZN19DifferentialControl8setAngleEi
FNDA:10,_ZN19DifferentialControl18overrideMotorSpeedEii
FNDA:60,_ZN19DifferentialControlC2ER5MotorS1_
FNF:5
FNH:5
DA:9,60
DA:13,60
DA:15,60
DA:17,30
DA:19,30
DA:20,30
DA:21,30
DA:23,45
DA:25,45
DA:26,45
DA:27,45
DA:29,75
DA:32,75
DA:34,75
DA:37,5
DA:38,5
DA:43,70
DA:44,70
DA:46,75
DA:48,10
DA:50,10
DA:51,10
DA:53,10
DA:54,10
DA:55,10
LF:25
LH:25
end_of_record
TN:
SF:/home/travis/build/platisd/smartcar_shield/src/control/differential/DifferentialControl.hpp
FN:10,_ZN19DifferentialControlD2Ev
FN:10,_ZN19DifferentialControlD0Ev
FNDA:0,_ZN19DifferentialControlD0Ev
FNDA:60,_ZN19DifferentialControlD2Ev
FNF:2
FNH:1
DA:10,60
LF:1
LH:1
end_of_record
TN:
SF:/home/travis/build/platisd/smartcar_shield/src/motor/Motor.hpp
FN:21,_ZN5MotorC2Ev
FN:24,_ZN5MotorD2Ev
FN:24,_ZN5MotorD0Ev
FNDA:285,_ZN5MotorD2Ev
FNDA:0,_ZN5MotorD0Ev
FNDA:285,_ZN5MotorC2Ev
FNF:3
FNH:2
DA:21,285
DA:24,285
LF:2
LH:2
end_of_record
TN:
SF:/home/travis/build/platisd/smartcar_shield/src/motor/analog/pwm/BrushedMotor.cpp
FN:16,_ZN12BrushedMotorC2EhhhR7Runtime
FN:28,_ZN12BrushedMotor8setSpeedEi
FN:55,_ZN12BrushedMotor6attachEv
FNDA:35,_ZN12BrushedMotor8setSpeedEi
FNDA:35,_ZN12BrushedMotorC2EhhhR7Runtime
FNDA:35,_ZN12BrushedMotor6attachEv
FNF:3
FNH:3
DA:16,35
DA:24,35
DA:26,35
DA:28,35
DA:30,35
DA:32,35
DA:35,35
DA:38,15
DA:39,15
DA:44,20
DA:45,20
DA:49,35
DA:51,70
DA:52,70
DA:53,35
DA:55,35
DA:57,35
DA:58,35
DA:59,35
DA:60,35
DA:61,35
LF:21
LH:21
end_of_record
TN:
SF:/home/travis/build/platisd/smartcar_shield/src/motor/analog/pwm/BrushedMotor.hpp
FN:21,_ZN12BrushedMotorD0Ev
FN:21,_ZN12BrushedMotorD2Ev
FNDA:0,_ZN12BrushedMotorD0Ev
FNDA:35,_ZN12BrushedMotorD2Ev
FNF:2
FNH:1
DA:21,35
LF:1
LH:1
end_of_record
TN:
SF:/home/travis/build/platisd/smartcar_shield/src/motor/digital/servo/ServoMotor.cpp
FN:7,_ZN10ServoMotorC2EhiiiR7Runtime
FN:21,_ZN10ServoMotor8setSpeedEi
FN:43,_Z41__static_initialization_and_destruction_0ii
FN:43,_GLOBAL__sub_I__ZN10ServoMotorC2EhiiiR7Runtime
FNDA:1,_Z41__static_initialization_and_destruction_0ii
FNDA:30,_ZN10ServoMotor8setSpeedEi
FNDA:1,_GLOBAL__sub_I__ZN10ServoMotorC2EhiiiR7Runtime
FNDA:30,_ZN10ServoMotorC2EhiiiR7Runtime
FNF:4
FNH:4
DA:7,30
DA:17,30
DA:19,30
DA:21,30
DA:23,30
DA:25,30
DA:26,30
DA:29,30
DA:33,30
DA:35,10
DA:36,10
DA:40,20
DA:41,20
DA:43,33
LF:14
LH:14
end_of_record
TN:
SF:/home/travis/build/platisd/smartcar_shield/src/motor/digital/servo/ServoMotor.hpp
FN:35,_ZN10ServoMotorD2Ev
FN:35,_ZN10ServoMotorD0Ev
FNDA:30,_ZN10ServoMotorD2Ev
FNDA:0,_ZN10ServoMotorD0Ev
FNF:2
FNH:1
DA:35,30
LF:1
LH:1
end_of_record
TN:
SF:/home/travis/build/platisd/smartcar_shield/src/runtime/Runtime.hpp
FN:13,_ZN7RuntimeC2Ev
FN:16,_ZN7RuntimeD2Ev
FN:16,_ZN7RuntimeD0Ev
FNDA:575,_ZN7RuntimeC2Ev
FNDA:0,_ZN7RuntimeD0Ev
FNDA:575,_ZN7RuntimeD2Ev
FNF:3
FNH:2
DA:13,575
DA:16,575
LF:2
LH:2
end_of_record
TN:
SF:/home/travis/build/platisd/smartcar_shield/src/sensors/distance/DistanceSensor.hpp
FN:8,_ZN14DistanceSensorC2Ev
FN:11,_ZN14DistanceSensorD0Ev
FN:11,_ZN14DistanceSensorD2Ev
FNDA:0,_ZN14DistanceSensorD0Ev
FNDA:165,_ZN14DistanceSensorD2Ev
FNDA:165,_ZN14DistanceSensorC2Ev
FNF:3
FNH:2
DA:8,165
DA:11,165
LF:2
LH:2
end_of_record
TN:
SF:/home/travis/build/platisd/smartcar_shield/src/sensors/distance/infrared/analog/InfraredAnalogSensor.cpp
FN:11,_ZN20InfraredAnalogSensorC2ER7Runtime
FN:16,_ZN20InfraredAnalogSensor17getMedianDistanceEh
FNDA:10,_ZN20InfraredAnalogSensor17getMedianDistanceEh
FNDA:55,_ZN20InfraredAnalogSensorC2ER7Runtime
FNF:2
FNH:2
DA:11,55
DA:12,55
DA:14,55
DA:16,10
DA:18,10
DA:20,5
DA:23,5
DA:24,35
DA:26,30
DA:27,30
DA:30,15
LF:11
LH:11
end_of_record
TN:
SF:/home/travis/build/platisd/smartcar_shield/src/sensors/distance/infrared/analog/InfraredAnalogSensor.hpp
FN:24,_ZN20InfraredAnalogSensorD2Ev
FN:24,_ZN20InfraredAnalogSensorD0Ev
FNDA:0,_ZN20InfraredAnalogSensorD0Ev
FNDA:55,_ZN20InfraredAnalogSensorD2Ev
FNF:2
FNH:1
DA:24,55
LF:1
LH:1
end_of_record
TN:
SF:/home/travis/build/platisd/smartcar_shield/src/sensors/distance/infrared/analog/sharp/GP2D120.cpp
FN:9,_ZN7GP2D120C2EhR7Runtime
FN:16,_ZN7GP2D12011getDistanceEv
FNDA:15,_ZN7GP2D12011getDistanceEv
FNDA:15,_ZN7GP2D120C2EhR7Runtime
FNF:2
FNH:2
DA:9,15
DA:12,15
DA:14,15
DA:16,15
DA:18,15
DA:19,15
DA:21,15
LF:7
LH:7
end_of_record
TN:
SF:/home/travis/build/platisd/smartcar_shield/src/sensors/distance/infrared/analog/sharp/GP2D120.hpp
FN:14,_ZN7GP2D120D0Ev
FN:14,_ZN7GP2D120D2Ev
FNDA:0,_ZN7GP2D120D0Ev
FNDA:15,_ZN7GP2D120D2Ev
FNF:2
FNH:1
DA:14,15
LF:1
LH:1
end_of_record
TN:
SF:/home/travis/build/platisd/smartcar_shield/src/sensors/distance/infrared/analog/sharp/GP2Y0A02.cpp
FN:9,_ZN8GP2Y0A02C2EhR7Runtime
FN:16,_ZN8GP2Y0A0211getDistanceEv
FNDA:15,_ZN8GP2Y0A0211getDistanceEv
FNDA:15,_ZN8GP2Y0A02C2EhR7Runtime
FNF:2
FNH:2
DA:9,15
DA:12,15
DA:14,15
DA:16,15
DA:18,15
DA:19,15
DA:21,15
LF:7
LH:7
end_of_record
TN:
SF:/home/travis/build/platisd/smartcar_shield/src/sensors/distance/infrared/analog/sharp/GP2Y0A02.hpp
FN:14,_ZN8GP2Y0A02D2Ev
FN:14,_ZN8GP2Y0A02D0Ev
FNDA:15,_ZN8GP2Y0A02D2Ev
FNDA:0,_ZN8GP2Y0A02D0Ev
FNF:2
FNH:1
DA:14,15
LF:1
LH:1
end_of_record
TN:
SF:/home/travis/build/platisd/smartcar_shield/src/sensors/distance/infrared/analog/sharp/GP2Y0A21.cpp
FN:9,_ZN8GP2Y0A21C2EhR7Runtime
FN:16,_ZN8GP2Y0A2111getDistanceEv
FNDA:15,_ZN8GP2Y0A2111getDistanceEv
FNDA:15,_ZN8GP2Y0A21C2EhR7Runtime
FNF:2
FNH:2
DA:9,15
DA:12,15
DA:14,15
DA:16,15
DA:18,15
DA:20,15
DA:22,15
LF:7
LH:7
end_of_record
TN:
SF:/home/travis/build/platisd/smartcar_shield/src/sensors/distance/infrared/analog/sharp/GP2Y0A21.hpp
FN:14,_ZN8GP2Y0A21D0Ev
FN:14,_ZN8GP2Y0A21D2Ev
FNDA:0,_ZN8GP2Y0A21D0Ev
FNDA:15,_ZN8GP2Y0A21D2Ev
FNF:2
FNH:1
DA:14,15
LF:1
LH:1
end_of_record
TN:
SF:/home/travis/build/platisd/smartcar_shield/src/sensors/distance/ultrasound/i2c/SRF08.cpp
FN:17,_ZN5SRF08C2EhR7Runtime
FN:25,_ZN5SRF086attachEv
FN:34,_ZN5SRF0811getDistanceEv
FN:61,_ZN5SRF0817getMedianDistanceEh
FN:78,_ZN5SRF087setGainEh
FN:92,_ZN5SRF088setRangeEh
FN:105,_ZN5SRF0812setPingDelayEm
FN:111,_ZN5SRF0815getLightReadingEv
FN:135,_ZN5SRF0813changeAddressEh
FNDA:15,_ZN5SRF088setRangeEh
FNDA:5,_ZN5SRF0812setPingDelayEm
FNDA:75,_ZN5SRF08C2EhR7Runtime
FNDA:70,_ZN5SRF0811getDistanceEv
FNDA:15,_ZN5SRF087setGainEh
FNDA:20,_ZN5SRF0815getLightReadingEv
FNDA:15,_ZN5SRF0813changeAddressEh
FNDA:135,_ZN5SRF086attachEv
FNDA:10,_ZN5SRF0817getMedianDistanceEh
FNF:9
FNH:9
DA:17,75
DA:21,75
DA:23,75
DA:25,135
DA:27,135
DA:29,65
DA:30,65
DA:32,135
DA:34,70
DA:36,70
DA:41,70
DA:42,70
DA:43,70
DA:44,70
DA:45,70
DA:46,70
DA:47,70
DA:48,70
DA:50,70
DA:51,70
DA:53,15
DA:55,55
DA:56,55
DA:58,55
DA:61,10
DA:63,10
DA:65,5
DA:68,5
DA:69,55
DA:71,50
DA:72,50
DA:75,15
DA:78,15
DA:80,15
DA:86,15
DA:87,15
DA:88,15
DA:89,15
DA:90,15
DA:92,15
DA:94,15
DA:98,15
DA:99,15
DA:101,15
DA:102,15
DA:103,15
DA:105,5
DA:107,5
DA:108,5
DA:111,20
DA:113,20
DA:119,20
DA:120,20
DA:121,20
DA:122,20
DA:123,20
DA:126,20
DA:127,20
DA:128,20
DA:129,20
DA:130,20
DA:132,20
DA:135,15
DA:137,15
DA:143,15
DA:145,15
DA:146,15
DA:147,15
DA:148,15
DA:150,15
DA:151,15
DA:152,15
DA:153,15
DA:155,15
DA:156,15
DA:157,15
DA:158,15
DA:160,15
DA:161,15
DA:162,15
DA:163,15
DA:165,15
DA:167,15
LF:83
LH:83
end_of_record
TN:
SF:/home/travis/build/platisd/smartcar_shield/src/sensors/distance/ultrasound/i2c/SRF08.hpp
FN:30,_ZN5SRF08D2Ev
FN:30,_ZN5SRF08D0Ev
FNDA:0,_ZN5SRF08D0Ev
FNDA:75,_ZN5SRF08D2Ev
FNF:2
FNH:1
DA:30,75
LF:1
LH:1
end_of_record
TN:
SF:/home/travis/build/platisd/smartcar_shield/src/sensors/distance/ultrasound/ping/SR04.cpp
FN:19,_ZN4SR04C2EhhjR7Runtime
FN:29,_ZN4SR046attachEv
FN:39,_ZN4SR0411getDistanceEv
FN:57,_ZN4SR0417getMedianDistanceEh
FNDA:10,_ZN4SR0417getMedianDistanceEh
FNDA:80,_ZN4SR046attachEv
FNDA:80,_ZN4SR0411getDistanceEv
FNDA:35,_ZN4SR04C2EhhjR7Runtime
FNF:4
FNH:4
DA:19,35
DA:22,35
DA:23,35
DA:25,105
DA:27,35
DA:29,80
DA:31,80
DA:33,30
DA:34,30
DA:35,30
DA:37,80
DA:39,80
DA:41,80
DA:44,80
DA:45,80
DA:46,80
DA:47,80
DA:48,80
DA:50,80
DA:52,80
DA:54,80
DA:57,10
DA:59,10
DA:61,5
DA:64,5
DA:65,55
DA:67,50
DA:68,50
DA:71,15
LF:29
LH:29
end_of_record
TN:
SF:/home/travis/build/platisd/smartcar_shield/src/sensors/distance/ultrasound/ping/SR04.hpp
FN:33,_ZN4SR04D0Ev
FN:33,_ZN4SR04D2Ev
FNDA:35,_ZN4SR04D2Ev
FNDA:0,_ZN4SR04D0Ev
FNF:2
FNH:1
DA:33,35
LF:1
LH:1
end_of_record
TN:
SF:/home/travis/build/platisd/smartcar_shield/src/sensors/heading/HeadingSensor.hpp
FN:7,_ZN13HeadingSensorC2Ev
FN:10,_ZN13HeadingSensorD2Ev
FN:10,_ZN13HeadingSensorD0Ev
FNDA:85,_ZN13HeadingSensorC2Ev
FNDA:85,_ZN13HeadingSensorD2Ev
FNDA:0,_ZN13HeadingSensorD0Ev
FNF:3
FNH:2
DA:7,85
DA:10,85
LF:2
LH:2
end_of_record
TN:
SF:/home/travis/build/platisd/smartcar_shield/src/sensors/heading/gyroscope/GY50.cpp
FN:18,_ZN4GY50C2EimR7Runtime
FN:28,_ZN4GY5010getHeadingEv
FN:35,_ZN4GY506updateEv
FN:56,_ZN4GY506attachEv
FN:86,_ZN4GY509getOffsetEj
FN:104,_ZN4GY5018getAngularVelocityEv
FN:117,_ZN4GY5020readL3G4200DRegisterEh
FN:127,_ZN4GY5021writeL3G4200DRegisterEhh
FNDA:60,_ZN4GY509getOffsetEj
FNDA:275,_ZN4GY5021writeL3G4200DRegisterEhh
FNDA:65,_ZN4GY50C2EimR7Runtime
FNDA:1595,_ZN4GY5018getAngularVelocityEv
FNDA:1060,_ZN4GY506updateEv
FNDA:1595,_ZN4GY506attachEv
FNDA:3190,_ZN4GY5020readL3G4200DRegisterEh
FNDA:35,_ZN4GY5010getHeadingEv
FNF:8
FNH:8
DA:18,65
DA:24,65
DA:26,65
DA:28,35
DA:31,35
DA:32,35
DA:35,1060
DA:37,1060
DA:38,1060
DA:39,1060
DA:41,15
DA:46,1045
DA:48,1045
DA:50,25
DA:51,25
DA:53,1045
DA:56,1595
DA:58,1595
DA:60,1540
DA:69,55
DA:71,55
DA:73,55
DA:77,55
DA:79,55
DA:81,55
DA:83,55
DA:86,60
DA:88,60
DA:90,5
DA:94,55
DA:95,605
DA:97,550
DA:98,550
DA:101,55
DA:104,1595
DA:106,1595
DA:111,1595
DA:112,1595
DA:114,1595
DA:117,3190
DA:119,3190
DA:120,3190
DA:121,3190
DA:122,3190
DA:124,3190
DA:127,275
DA:129,275
DA:130,275
DA:131,275
DA:132,275
DA:133,275
LF:51
LH:51
end_of_record
TN:
SF:/home/travis/build/platisd/smartcar_shield/src/sensors/heading/gyroscope/GY50.hpp
FN:26,_ZN4GY50D2Ev
FN:26,_ZN4GY50D0Ev
FNDA:0,_ZN4GY50D0Ev
FNDA:65,_ZN4GY50D2Ev
FNF:2
FNH:1
DA:26,65
LF:1
LH:1
end_of_record
TN:
SF:/home/travis/build/platisd/smartcar_shield/src/sensors/odometer/Odometer.hpp
FN:22,_ZN8OdometerC2Ev
FNDA:405,_ZN8OdometerC2Ev
FNF:1
FNH:1
DA:22,405
LF:1
LH:1
end_of_record
TN:
SF:/home/travis/build/platisd/smartcar_shield/src/sensors/odometer/interrupt/DirectionalOdometer.cpp
FN:10,_ZN19DirectionalOdometerC2EhhmR7Runtime
FN:22,_ZN19DirectionalOdometer6attachEhPFvvE
FN:33,_ZN19DirectionalOdometer5resetEv
FN:39,_ZN19DirectionalOdometer6updateEv
FN:53,_ZN19DirectionalOdometer11getDistanceEv
FN:65,_ZN19DirectionalOdometer8getSpeedEv
FN:75,_ZN19DirectionalOdometer12getDirectionEv
FN:82,_ZN19DirectionalOdometer17providesDirectionEv
FNDA:5,_ZN19DirectionalOdometer17providesDirectionEv
FNDA:25,_ZN19DirectionalOdometer11getDistanceEv
FNDA:35,_ZN19DirectionalOdometer6attachEhPFvvE
FNDA:15,_ZN19DirectionalOdometer8getSpeedEv
FNDA:9025,_ZN19DirectionalOdometer6updateEv
FNDA:20,_ZN19DirectionalOdometer12getDirectionEv
FNDA:5,_ZN19DirectionalOdometer5resetEv
FNDA:65,_ZN19DirectionalOdometerC2EhhmR7Runtime
FNF:8
FNH:8
DA:10,65
DA:18,65
DA:20,65
DA:22,35
DA:24,35
DA:25,35
DA:27,30
DA:30,35
DA:33,5
DA:35,5
DA:36,5
DA:37,5
DA:39,9025
DA:41,9025
DA:43,5
DA:46,9020
DA:47,9020
DA:49,6020
DA:53,25
DA:55,25
DA:57,5
DA:62,20
DA:65,15
DA:67,15
DA:69,5
DA:72,10
DA:75,20
DA:77,20
DA:79,20
DA:82,5
DA:84,5
LF:31
LH:31
end_of_record
TN:
SF:/home/travis/build/platisd/smartcar_shield/src/sensors/odometer/interrupt/DirectionalOdometer.hpp
FN:10,_ZN19DirectionalOdometerD2Ev
FN:10,_ZN19DirectionalOdometerD0Ev
FNDA:0,_ZN19DirectionalOdometerD0Ev
FNDA:65,_ZN19DirectionalOdometerD2Ev
FNF:2
FNH:1
DA:10,65
LF:1
LH:1
end_of_record
TN:
SF:/home/travis/build/platisd/smartcar_shield/src/sensors/odometer/interrupt/DirectionlessOdometer.cpp
FN:17,_ZN21DirectionlessOdometerC2EmR7Runtime
FN:34,_ZN21DirectionlessOdometer6attachEhPFvvE
FN:50,_ZN21DirectionlessOdometer11getDistanceEv
FN:59,_ZN21DirectionlessOdometer8getSpeedEv
FN:70,_ZN21DirectionlessOdometer10isAttachedEv
FN:75,_ZN21DirectionlessOdometer5resetEv
FN:82,_ZN21DirectionlessOdometer6updateEv
FN:107,_ZN21DirectionlessOdometer17providesDirectionEv
FNDA:105,_ZN21DirectionlessOdometer6attachEhPFvvE
FNDA:18750,_ZN21DirectionlessOdometer10isAttachedEv
FNDA:55,_ZN21DirectionlessOdometer11getDistanceEv
FNDA:50,_ZN21DirectionlessOdometer8getSpeedEv
FNDA:9570,_ZN21DirectionlessOdometer6updateEv
FNDA:5,_ZN21DirectionlessOdometer17providesDirectionEv
FNDA:145,_ZN21DirectionlessOdometerC2EmR7Runtime
FNDA:10,_ZN21DirectionlessOdometer5resetEv
FNF:8
FNH:8
DA:17,145
DA:18,140
DA:22,140
DA:24,5
DA:30,430
DA:32,145
DA:34,105
DA:36,105
DA:37,105
DA:39,30
DA:41,75
DA:42,75
DA:43,75
DA:45,75
DA:47,75
DA:50,55
DA:52,55
DA:54,5
DA:56,50
DA:59,50
DA:61,50
DA:63,5
DA:67,45
DA:70,18750
DA:72,18750
DA:75,10
DA:77,10
DA:78,10
DA:79,10
DA:80,10
DA:82,9570
DA:84,9570
DA:86,5
DA:89,9565
DA:90,9565
DA:93,9565
DA:95,5
DA:99,9560
DA:101,9505
DA:103,9560
DA:104,9560
DA:107,5
DA:109,5
LF:43
LH:43
end_of_record
TN:
SF:/home/travis/build/platisd/smartcar_shield/src/sensors/odometer/interrupt/DirectionlessOdometer.hpp
FN:32,_ZN21DirectionlessOdometerD0Ev
FN:32,_ZN21DirectionlessOdometerD2Ev
FNDA:145,_ZN21DirectionlessOdometerD2Ev
FNDA:0,_ZN21DirectionlessOdometerD0Ev
FNF:2
FNH:1
DA:32,145
LF:1
LH:1
end_of_record
TN:
SF:/home/travis/build/platisd/smartcar_shield/src/utilities/Utilities.hpp
FN:11,_ZN11smartcarlib5utils11getAbsoluteIiEET_RKS2_
FN:11,_ZN11smartcarlib5utils11getAbsoluteIfEET_RKS2_
FN:18,_ZN11smartcarlib5utils12getConstrainIiEET_RKS2_S4_S4_
FN:18,_ZN11smartcarlib5utils12getConstrainIhEET_RKS2_S4_S4_
FN:18,_ZN11smartcarlib5utils12getConstrainIfEET_RKS2_S4_S4_
FN:30,_ZN11smartcarlib5utils9getMedianIjEET_PS2_RKj
FN:60,_ZN11smartcarlib5utils6getMapIiEET_RKS2_S4_S4_S4_S4_
FN:60,_ZN11smartcarlib5utils6getMapIfEET_RKS2_S4_S4_S4_S4_
FN:77,_ZN11smartcarlib5utils14areAlmostEqualEff
FNDA:95,_ZN11smartcarlib5utils6getMapIiEET_RKS2_S4_S4_S4_S4_
FNDA:1160,_ZN11smartcarlib5utils11getAbsoluteIiEET_RKS2_
FNDA:125,_ZN11smartcarlib5utils14areAlmostEqualEff
FNDA:545,_ZN11smartcarlib5utils12getConstrainIiEET_RKS2_S4_S4_
FNDA:5,_ZN11smartcarlib5utils6getMapIfEET_RKS2_S4_S4_S4_S4_
FNDA:30,_ZN11smartcarlib5utils9getMedianIjEET_PS2_RKj
FNDA:270,_ZN11smartcarlib5utils12getConstrainIfEET_RKS2_S4_S4_
FNDA:30,_ZN11smartcarlib5utils12getConstrainIhEET_RKS2_S4_S4_
FNDA:380,_ZN11smartcarlib5utils11getAbsoluteIfEET_RKS2_
FNF:9
FNH:9
DA:11,1540
DA:13,1540
DA:18,845
DA:20,845
DA:30,30
DA:33,205
DA:35,850
DA:37,675
DA:39,50
DA:40,50
DA:41,50
DA:46,30
DA:60,100
DA:68,100
DA:77,125
DA:79,125
LF:16
LH:16
end_of_record
TN:
SF:/home/travis/build/platisd/smartcar_shield/test/build/googletest-src/googlemock/include/gmock/gmock-actions.h
FN:146,_ZN7testing8internal19BuiltInDefaultValueIbE3GetEv
FN:146,_ZN7testing8internal19BuiltInDefaultValueIbE6ExistsEv
FN:147,_ZN7testing8internal19BuiltInDefaultValueIhE6ExistsEv
FN:147,_ZN7testing8internal19BuiltInDefaultValueIhE3GetEv
FN:148,_ZN7testing8internal19BuiltInDefaultValueIaE3GetEv
FN:148,_ZN7testing8internal19BuiltInDefaultValueIaE6ExistsEv
FN:163,_ZN7testing8internal19BuiltInDefaultValueIjE6ExistsEv
FN:163,_ZN7testing8internal19BuiltInDefaultValueIjE3GetEv
FN:164,_ZN7testing8internal19BuiltInDefaultValueIiE3GetEv
FN:164,_ZN7testing8internal19BuiltInDefaultValueIiE6ExistsEv
FN:165,_ZN7testing8internal19BuiltInDefaultValueImE6ExistsEv
FN:165,_ZN7testing8internal19BuiltInDefaultValueImE3GetEv
FN:166,_ZN7testing8internal19BuiltInDefaultValueIlE3GetEv
FN:166,_ZN7testing8internal19BuiltInDefaultValueIlE6ExistsEv
FN:169,_ZN7testing8internal19BuiltInDefaultValueIfE3GetEv
FN:169,_ZN7testing8internal19BuiltInDefaultValueIfE6ExistsEv
FN:215,_ZN7testing12DefaultValueIbE5IsSetEv
FN:215,_ZN7testing12DefaultValueIhE5IsSetEv
FN:215,_ZN7testing12DefaultValueIjE5IsSetEv
FN:215,_ZN7testing12DefaultValueIlE5IsSetEv
FN:215,_ZN7testing12DefaultValueIfE5IsSetEv
FN:215,_ZN7testing12DefaultValueIaE5IsSetEv
FN:215,_ZN7testing12DefaultValueIiE5IsSetEv
FN:215,_ZN7testing12DefaultValueImE5IsSetEv
FN:219,_ZN7testing12DefaultValueIiE6ExistsEv
FN:219,_ZN7testing12DefaultValueImE6ExistsEv
FN:219,_ZN7testing12DefaultValueIfE6ExistsEv
FN:219,_ZN7testing12DefaultValueIlE6ExistsEv
FN:219,_ZN7testing12DefaultValueIbE6ExistsEv
FN:219,_ZN7testing12DefaultValueIhE6ExistsEv
FN:219,_ZN7testing12DefaultValueIjE6ExistsEv
FN:219,_ZN7testing12DefaultValueIaE6ExistsEv
FN:226,_ZN7testing12DefaultValueIhE3GetEv
FN:226,_ZN7testing12DefaultValueIaE3GetEv
FN:226,_ZN7testing12DefaultValueIlE3GetEv
FN:226,_ZN7testing12DefaultValueIjE3GetEv
FN:226,_ZN7testing12DefaultValueIiE3GetEv
FN:226,_ZN7testing12DefaultValueIbE3GetEv
FN:226,_ZN7testing12DefaultValueImE3GetEv
FN:226,_ZN7testing12DefaultValueIfE3GetEv
FN:301,_ZN7testing12DefaultValueIvE6ExistsEv
FN:302,_ZN7testing12DefaultValueIvE3GetEv
FN:320,_ZN7testing15ActionInterfaceIFvhPFvvEiEEC2Ev
FN:320,_ZN7testing15ActionInterfaceIFbvEEC2Ev
FN:320,_ZN7testing15ActionInterfaceIFfvEEC2Ev
FN:320,_ZN7testing15ActionInterfaceIFmvEEC2Ev
FN:320,_ZN7testing15ActionInterfaceIFivEEC2Ev
FN:320,_ZN7testing15ActionInterfaceIFahEEC2Ev
FN:320,_ZN7testing15ActionInterfaceIFjvEEC2Ev
FN:320,_ZN7testing15ActionInterfaceIFviEEC2Ev
FN:320,_ZN7testing15ActionInterfaceIFmhhmEEC2Ev
FN:320,_ZN7testing15ActionInterfaceIFihEEC2Ev
FN:320,_ZN7testing15ActionInterfaceIFlvEEC2Ev
FN:321,_ZN7testing15ActionInterfaceIFjvEED0Ev
FN:321,_ZN7testing15ActionInterfaceIFbvEED2Ev
FN:321,_ZN7testing15ActionInterfaceIFbvEED0Ev
FN:321,_ZN7testing15ActionInterfaceIFmhhmEED0Ev
FN:321,_ZN7testing15ActionInterfaceIFmhhmEED2Ev
FN:321,_ZN7testing15ActionInterfaceIFivEED0Ev
FN:321,_ZN7testing15ActionInterfaceIFahEED2Ev
FN:321,_ZN7testing15ActionInterfaceIFahEED0Ev
FN:321,_ZN7testing15ActionInterfaceIFviEED2Ev
FN:321,_ZN7testing15ActionInterfaceIFmvEED0Ev
FN:321,_ZN7testing15ActionInterfaceIFfvEED0Ev
FN:321,_ZN7testing15ActionInterfaceIFjvEED2Ev
FN:321,_ZN7testing15ActionInterfaceIFihEED0Ev
FN:321,_ZN7testing15ActionInterfaceIFviEED0Ev
FN:321,_ZN7testing15ActionInterfaceIFihEED2Ev
FN:321,_ZN7testing15ActionInterfaceIFvhPFvvEiEED0Ev
FN:321,_ZN7testing15ActionInterfaceIFmvEED2Ev
FN:321,_ZN7testing15ActionInterfaceIFvhPFvvEiEED2Ev
FN:321,_ZN7testing15ActionInterfaceIFlvEED2Ev
FN:321,_ZN7testing15ActionInterfaceIFivEED2Ev
FN:321,_ZN7testing15ActionInterfaceIFfvEED2Ev
FN:321,_ZN7testing15ActionInterfaceIFlvEED0Ev
FN:341,_ZN7testing6ActionIFvhEEC2ERKS2_
FN:341,_ZN7testing6ActionIFlvEEC2ERKS2_
FN:341,_ZN7testing6ActionIFvjEED2Ev
FN:341,_ZN7testing6ActionIFfvEEaSERKS2_
FN:341,_ZN7testing6ActionIFvmEEC2ERKS2_
FN:341,_ZN7testing6ActionIFhvEEC2ERKS2_
FN:341,_ZN7testing6ActionIFfvEEC2ERKS2_
FN:341,_ZN7testing6ActionIFvhiEED2Ev
FN:341,_ZN7testing6ActionIFbvEED2Ev
FN:341,_ZN7testing6ActionIFviEED2Ev
FN:341,_ZN7testing6ActionIFlvEED2Ev
FN:341,_ZN7testing6ActionIFbvEEaSERKS2_
FN:341,_ZN7testing6ActionIFihEEC2ERKS2_
FN:341,_ZN7testing6ActionIFmhEED2Ev
FN:341,_ZN7testing6ActionIFahEEC2ERKS2_
FN:341,_ZN7testing6ActionIFmvEEaSERKS2_
FN:341,_ZN7testing6ActionIFfvEED2Ev
FN:341,_ZN7testing6ActionIFihEEaSERKS2_
FN:341,_ZN7testing6ActionIFvvEEC2ERKS2_
FN:341,_ZN7testing6ActionIFmvEEC2ERKS2_
FN:341,_ZN7testing6ActionIFmhhmEED2Ev
FN:341,_ZN7testing6ActionIFhhhEEC2ERKS2_
FN:341,_ZN7testing6ActionIFihEED2Ev
FN:341,_ZN7testing6ActionIFvhiiEED2Ev
FN:341,_ZN7testing6ActionIFvhPFvvEiEEC2ERKS4_
FN:341,_ZN7testing6ActionIFmvEED2Ev
FN:341,_ZN7testing6ActionIFvvEED2Ev
FN:341,_ZN7testing6ActionIFvhiEEC2ERKS2_
FN:341,_ZN7testing6ActionIFhvEED2Ev
FN:341,_ZN7testing6ActionIFivEEaSERKS2_
FN:341,_ZN7testing6ActionIFhhhEED2Ev
FN:341,_ZN7testing6ActionIFjvEEC2ERKS2_
FN:341,_ZN7testing6ActionIFvhhEEC2ERKS2_
FN:341,_ZN7testing6ActionIFivEED2Ev
FN:341,_ZN7testing6ActionIFlvEEaSERKS2_
FN:341,_ZN7testing6ActionIFvhhEED2Ev
FN:341,_ZN7testing6ActionIFvhiiEEC2ERKS2_
FN:341,_ZN7testing6ActionIFviEEC2ERKS2_
FN:341,_ZN7testing6ActionIFbvEEC2ERKS2_
FN:341,_ZN7testing6ActionIFivEEC2ERKS2_
FN:341,_ZN7testing6ActionIFahEED2Ev
FN:341,_ZN7testing6ActionIFviiEEC2ERKS2_
FN:341,_ZN7testing6ActionIFmhEEC2ERKS2_
FN:341,_ZN7testing6ActionIFvmEED2Ev
FN:341,_ZN7testing6ActionIFahEEaSERKS2_
FN:341,_ZN7testing6ActionIFvhPFvvEiEED2Ev
FN:341,_ZN7testing6ActionIFviiEED2Ev
FN:341,_ZN7testing6ActionIFvjEEC2ERKS2_
FN:341,_ZN7testing6ActionIFjvEED2Ev
FN:341,_ZN7testing6ActionIFvhEED2Ev
FN:341,_ZN7testing6ActionIFmhhmEEC2ERKS2_
FN:344,_ZN7testing6ActionIFvhPFvvEiEE13ActionAdapterC2ERKS5_
FN:344,_ZN7testing6ActionIFmvEE13ActionAdapterC2ERKS3_
FN:344,_ZN7testing6ActionIFjvEE13ActionAdapterC2ERKS3_
FN:344,_ZN7testing6ActionIFbvEE13ActionAdapterC2ERKS3_
FN:344,_ZN7testing6ActionIFmhhmEE13ActionAdapterD2Ev
FN:344,_ZN7testing6ActionIFahEE13ActionAdapterC2EOS3_
FN:344,_ZN7testing6ActionIFihEE13ActionAdapterD2Ev
FN:344,_ZN7testing6ActionIFviEE13ActionAdapterC2EOS3_
FN:344,_ZN7testing6ActionIFivEE13ActionAdapterD2Ev
FN:344,_ZN7testing6ActionIFjvEE13ActionAdapterC2EOS3_
FN:344,_ZN7testing6ActionIFivEE13ActionAdapterC2EOS3_
FN:344,_ZN7testing6ActionIFbvEE13ActionAdapterC2EOS3_
FN:344,_ZN7testing6ActionIFmvEE13ActionAdapterC2EOS3_
FN:344,_ZN7testing6ActionIFmvEE13ActionAdapterD2Ev
FN:344,_ZN7testing6ActionIFbvEE13ActionAdapterD2Ev
FN:344,_ZN7testing6ActionIFfvEE13ActionAdapterD2Ev
FN:344,_ZN7testing6ActionIFmhhmEE13ActionAdapterC2ERKS3_
FN:344,_ZN7testing6ActionIFahEE13ActionAdapterC2ERKS3_
FN:344,_ZN7testing6ActionIFlvEE13ActionAdapterD2Ev
FN:344,_ZN7testing6ActionIFviEE13ActionAdapterD2Ev
FN:344,_ZN7testing6ActionIFlvEE13ActionAdapterC2EOS3_
FN:344,_ZN7testing6ActionIFvhPFvvEiEE13ActionAdapterD2Ev
FN:344,_ZN7testing6ActionIFahEE13ActionAdapterD2Ev
FN:344,_ZN7testing6ActionIFivEE13ActionAdapterC2ERKS3_
FN:344,_ZN7testing6ActionIFihEE13ActionAdapterC2ERKS3_
FN:344,_ZN7testing6ActionIFfvEE13ActionAdapterC2ERKS3_
FN:344,_ZN7testing6ActionIFlvEE13ActionAdapterC2ERKS3_
FN:344,_ZN7testing6ActionIFjvEE13ActionAdapterD2Ev
FN:344,_ZN7testing6ActionIFmhhmEE13ActionAdapterC2EOS3_
FN:344,_ZN7testing6ActionIFviEE13ActionAdapterC2ERKS3_
FN:344,_ZN7testing6ActionIFihEE13ActionAdapterC2EOS3_
FN:344,_ZN7testing6ActionIFfvEE13ActionAdapterC2EOS3_
FN:344,_ZN7testing6ActionIFvhPFvvEiEE13ActionAdapterC2EOS5_
FN:349,_ZN7testing6ActionIFviEE13ActionAdapterclIJiEEEvDpOT_
FN:349,_ZN7testing6ActionIFmhhmEE13ActionAdapterclIJhhmEEEmDpOT_
FN:349,_ZN7testing6ActionIFahEE13ActionAdapterclIJhEEEaDpOT_
FN:349,_ZN7testing6ActionIFmvEE13ActionAdapterclIJEEEmDpOT_
FN:349,_ZN7testing6ActionIFivEE13ActionAdapterclIJEEEiDpOT_
FN:349,_ZN7testing6ActionIFbvEE13ActionAdapterclIJEEEbDpOT_
FN:349,_ZN7testing6ActionIFlvEE13ActionAdapterclIJEEElDpOT_
FN:349,_ZN7testing6ActionIFihEE13ActionAdapterclIJhEEEiDpOT_
FN:349,_ZN7testing6ActionIFjvEE13ActionAdapterclIJEEEjDpOT_
FN:349,_ZN7testing6ActionIFvhPFvvEiEE13ActionAdapterclIJhS2_iEEEvDpOT_
FN:349,_ZN7testing6ActionIFfvEE13ActionAdapterclIJEEEfDpOT_
FN:361,_ZN7testing6ActionIFviEEC2Ev
FN:361,_ZN7testing6ActionIFbvEEC2Ev
FN:361,_ZN7testing6ActionIFviiEEC2Ev
FN:361,_ZN7testing6ActionIFvhEEC2Ev
FN:361,_ZN7testing6ActionIFvmEEC2Ev
FN:361,_ZN7testing6ActionIFfvEEC2Ev
FN:361,_ZN7testing6ActionIFvhiiEEC2Ev
FN:361,_ZN7testing6ActionIFhvEEC2Ev
FN:361,_ZN7testing6ActionIFihEEC2Ev
FN:361,_ZN7testing6ActionIFivEEC2Ev
FN:361,_ZN7testing6ActionIFmvEEC2Ev
FN:361,_ZN7testing6ActionIFvhiEEC2Ev
FN:361,_ZN7testing6ActionIFvhhEEC2Ev
FN:361,_ZN7testing6ActionIFvhPFvvEiEEC2Ev
FN:361,_ZN7testing6ActionIFvjEEC2Ev
FN:361,_ZN7testing6ActionIFahEEC2Ev
FN:361,_ZN7testing6ActionIFmhEEC2Ev
FN:361,_ZN7testing6ActionIFmhhmEEC2Ev
FN:361,_ZN7testing6ActionIFlvEEC2Ev
FN:361,_ZN7testing6ActionIFvvEEC2Ev
FN:361,_ZN7testing6ActionIFjvEEC2Ev
FN:361,_ZN7testing6ActionIFhhhEEC2Ev
FN:369,_ZN7testing6ActionIFmvEEC2INS_8internal23InvokeWithoutArgsActionIZN28DistanceCarCruiseControlTest5SetUpEvEUlvE_EEvEEOT_
FN:369,_ZN7testing6ActionIFmvEEC2INS_8internal23InvokeWithoutArgsActionIZN83GY50AttachedTest_getHeading_WhenTooLowAngularVelocityRead_WillNotUpdateHeading_Test8TestBodyEvEUlvE_EEvEEOT_
FN:369,_ZN7testing6ActionIFivEEC2INS_8internal23InvokeWithoutArgsActionIZN78GY50BasicTest_getOffset_WhenCalled_WillReturnCorrectAverageOfMeasurements_Test8TestBodyEvEUlvE_EEvEEOT_
FN:369,_ZN7testing6ActionIFihEEC2INS_8internal23InvokeWithoutArgsActionIZN85DirectionalOdometerAttachedTest_getDistance_WhenCalled_WillReturnCorrectDistance_Test8TestBodyEvEUlvE_EEvEEOT_
FN:369,_ZN7testing6ActionIFmvEEC2INS_8internal23InvokeWithoutArgsActionIZN90GY50AttachedTest_getHeading_WhenAngularVelocityReadOverTime_WillReturnCorrectDistance_Test8TestBodyEvEUlvE_EEvEEOT_
FN:369,_ZN7testing6ActionIFmvEEC2INS_8internal23InvokeWithoutArgsActionIZN31DirectionalOdometerAttachedTest5SetUpEvEUlvE0_EEvEEOT_
FN:372,_ZN7testing6ActionIFbvEEC2EPNS_15ActionInterfaceIS1_EE
FN:372,_ZN7testing6ActionIFviEEC2EPNS_15ActionInterfaceIS1_EE
FN:372,_ZN7testing6ActionIFlvEEC2EPNS_15ActionInterfaceIS1_EE
FN:372,_ZN7testing6ActionIFjvEEC2EPNS_15ActionInterfaceIS1_EE
FN:372,_ZN7testing6ActionIFihEEC2EPNS_15ActionInterfaceIS1_EE
FN:372,_ZN7testing6ActionIFmvEEC2EPNS_15ActionInterfaceIS1_EE
FN:372,_ZN7testing6ActionIFvhPFvvEiEEC2EPNS_15ActionInterfaceIS3_EE
FN:372,_ZN7testing6ActionIFmhhmEEC2EPNS_15ActionInterfaceIS1_EE
FN:372,_ZN7testing6ActionIFivEEC2EPNS_15ActionInterfaceIS1_EE
FN:372,_ZN7testing6ActionIFfvEEC2EPNS_15ActionInterfaceIS1_EE
FN:372,_ZN7testing6ActionIFahEEC2EPNS_15ActionInterfaceIS1_EE
FN:382,_ZNK7testing6ActionIFbvEE11IsDoDefaultEv
FN:382,_ZNK7testing6ActionIFviiEE11IsDoDefaultEv
FN:382,_ZNK7testing6ActionIFlvEE11IsDoDefaultEv
FN:382,_ZNK7testing6ActionIFhvEE11IsDoDefaultEv
FN:382,_ZNK7testing6ActionIFvmEE11IsDoDefaultEv
FN:382,_ZNK7testing6ActionIFhhhEE11IsDoDefaultEv
FN:382,_ZNK7testing6ActionIFvjEE11IsDoDefaultEv
FN:382,_ZNK7testing6ActionIFvhhEE11IsDoDefaultEv
FN:382,_ZNK7testing6ActionIFvhEE11IsDoDefaultEv
FN:382,_ZNK7testing6ActionIFivEE11IsDoDefaultEv
FN:382,_ZNK7testing6ActionIFjvEE11IsDoDefaultEv
FN:382,_ZNK7testing6ActionIFahEE11IsDoDefaultEv
FN:382,_ZNK7testing6ActionIFmvEE11IsDoDefaultEv
FN:382,_ZNK7testing6ActionIFvvEE11IsDoDefaultEv
FN:382,_ZNK7testing6ActionIFihEE11IsDoDefaultEv
FN:382,_ZNK7testing6ActionIFviEE11IsDoDefaultEv
FN:382,_ZNK7testing6ActionIFmhhmEE11IsDoDefaultEv
FN:382,_ZNK7testing6ActionIFmhEE11IsDoDefaultEv
FN:382,_ZNK7testing6ActionIFvhiiEE11IsDoDefaultEv
FN:382,_ZNK7testing6ActionIFvhPFvvEiEE11IsDoDefaultEv
FN:382,_ZNK7testing6ActionIFfvEE11IsDoDefaultEv
FN:382,_ZNK7testing6ActionIFvhiEE11IsDoDefaultEv
FN:390,_ZNK7testing6ActionIFvhhEE7PerformESt5tupleIJhhEE
FN:390,_ZNK7testing6ActionIFvhiiEE7PerformESt5tupleIJhiiEE
FN:390,_ZNK7testing6ActionIFvhiEE7PerformESt5tupleIJhiEE
FN:390,_ZNK7testing6ActionIFbvEE7PerformESt5tupleIJEE
FN:390,_ZNK7testing6ActionIFlvEE7PerformESt5tupleIJEE
FN:390,_ZNK7testing6ActionIFihEE7PerformESt5tupleIJhEE
FN:390,_ZNK7testing6ActionIFmhhmEE7PerformESt5tupleIJhhmEE
FN:390,_ZNK7testing6ActionIFmvEE7PerformESt5tupleIJEE
FN:390,_ZNK7testing6ActionIFviEE7PerformESt5tupleIJiEE
FN:390,_ZNK7testing6ActionIFmhEE7PerformESt5tupleIJhEE
FN:390,_ZNK7testing6ActionIFjvEE7PerformESt5tupleIJEE
FN:390,_ZNK7testing6ActionIFvhPFvvEiEE7PerformESt5tupleIJhS2_iEE
FN:390,_ZNK7testing6ActionIFvmEE7PerformESt5tupleIJmEE
FN:390,_ZNK7testing6ActionIFvvEE7PerformESt5tupleIJEE
FN:390,_ZNK7testing6ActionIFfvEE7PerformESt5tupleIJEE
FN:390,_ZNK7testing6ActionIFivEE7PerformESt5tupleIJEE
FN:390,_ZNK7testing6ActionIFhvEE7PerformESt5tupleIJEE
FN:390,_ZNK7testing6ActionIFvhEE7PerformESt5tupleIJhEE
FN:390,_ZNK7testing6ActionIFvjEE7PerformESt5tupleIJjEE
FN:390,_ZNK7testing6ActionIFviiEE7PerformESt5tupleIJiiEE
FN:390,_ZNK7testing6ActionIFahEE7PerformESt5tupleIJhEE
FN:390,_ZNK7testing6ActionIFhhhEE7PerformESt5tupleIJhhEE
FN:517,_ZN7testing8internal12ReturnActionIaED2Ev
FN:517,_ZN7testing8internal12ReturnActionIhED2Ev
FN:517,_ZN7testing8internal12ReturnActionIiED2Ev
FN:517,_ZN7testing8internal12ReturnActionImED2Ev
FN:517,_ZN7testing8internal12ReturnActionIbED2Ev
FN:517,_ZN7testing8internal12ReturnActionIfED2Ev
FN:517,_ZN7testing8internal12ReturnActionIjED2Ev
FN:522,_ZN7testing8internal12ReturnActionIiEC2Ei
FN:522,_ZN7testing8internal12ReturnActionIbEC2Eb
FN:522,_ZN7testing8internal12ReturnActionImEC2Em
FN:522,_ZN7testing8internal12ReturnActionIaEC2Ea
FN:522,_ZN7testing8internal12ReturnActionIfEC2Ef
FN:522,_ZN7testing8internal12ReturnActionIjEC2Ej
FN:522,_ZN7testing8internal12ReturnActionIhEC2Eh
FN:527,_ZNK7testing8internal12ReturnActionImEcvNS_6ActionIT_EEIFmvEEEv
FN:527,_ZNK7testing8internal12ReturnActionImEcvNS_6ActionIT_EEIFmhhmEEEv
FN:527,_ZNK7testing8internal12ReturnActionIbEcvNS_6ActionIT_EEIFihEEEv
FN:527,_ZNK7testing8internal12ReturnActionIiEcvNS_6ActionIT_EEIFivEEEv
FN:527,_ZNK7testing8internal12ReturnActionIjEcvNS_6ActionIT_EEIFjvEEEv
FN:527,_ZNK7testing8internal12ReturnActionIhEcvNS_6ActionIT_EEIFihEEEv
FN:527,_ZNK7testing8internal12ReturnActionIiEcvNS_6ActionIT_EEIFlvEEEv
FN:527,_ZNK7testing8internal12ReturnActionIiEcvNS_6ActionIT_EEIFihEEEv
FN:527,_ZNK7testing8internal12ReturnActionIbEcvNS_6ActionIT_EEIFbvEEEv
FN:527,_ZNK7testing8internal12ReturnActionIiEcvNS_6ActionIT_EEIFmvEEEv
FN:527,_ZNK7testing8internal12ReturnActionImEcvNS_6ActionIT_EEIFlvEEEv
FN:527,_ZNK7testing8internal12ReturnActionIhEcvNS_6ActionIT_EEIFivEEEv
FN:527,_ZNK7testing8internal12ReturnActionIaEcvNS_6ActionIT_EEIFahEEEv
FN:527,_ZNK7testing8internal12ReturnActionIfEcvNS_6ActionIT_EEIFfvEEEv
FN:548,_ZN7testing8internal12ReturnActionImE4ImplImFlvEED2Ev
FN:548,_ZN7testing8internal12ReturnActionImE4ImplImFmhhmEED2Ev
FN:548,_ZN7testing8internal12ReturnActionIiE4ImplIiFihEED0Ev
FN:548,_ZN7testing8internal12ReturnActionIiE4ImplIiFlvEED0Ev
FN:548,_ZN7testing8internal12ReturnActionIbE4ImplIbFbvEED2Ev
FN:548,_ZN7testing8internal12ReturnActionIiE4ImplIiFmvEED0Ev
FN:548,_ZN7testing8internal12ReturnActionIhE4ImplIhFivEED2Ev
FN:548,_ZN7testing8internal12ReturnActionIfE4ImplIfFfvEED2Ev
FN:548,_ZN7testing8internal12ReturnActionIiE4ImplIiFivEED2Ev
FN:548,_ZN7testing8internal12ReturnActionIhE4ImplIhFihEED0Ev
FN:548,_ZN7testing8internal12ReturnActionIjE4ImplIjFjvEED0Ev
FN:548,_ZN7testing8internal12ReturnActionIhE4ImplIhFihEED2Ev
FN:548,_ZN7testing8internal12ReturnActionIiE4ImplIiFlvEED2Ev
FN:548,_ZN7testing8internal12ReturnActionIiE4ImplIiFihEED2Ev
FN:548,_ZN7testing8internal12ReturnActionIbE4ImplIbFihEED2Ev
FN:548,_ZN7testing8internal12ReturnActionIiE4ImplIiFivEED0Ev
FN:548,_ZN7testing8internal12ReturnActionImE4ImplImFmvEED2Ev
FN:548,_ZN7testing8internal12ReturnActionImE4ImplImFmhhmEED0Ev
FN:548,_ZN7testing8internal12ReturnActionIfE4ImplIfFfvEED0Ev
FN:548,_ZN7testing8internal12ReturnActionImE4ImplImFlvEED0Ev
FN:548,_ZN7testing8internal12ReturnActionImE4ImplImFmvEED0Ev
FN:548,_ZN7testing8internal12ReturnActionIhE4ImplIhFivEED0Ev
FN:548,_ZN7testing8internal12ReturnActionIbE4ImplIbFbvEED0Ev
FN:548,_ZN7testing8internal12ReturnActionIaE4ImplIaFahEED2Ev
FN:548,_ZN7testing8internal12ReturnActionIiE4ImplIiFmvEED2Ev
FN:548,_ZN7testing8internal12ReturnActionIjE4ImplIjFjvEED2Ev
FN:548,_ZN7testing8internal12ReturnActionIaE4ImplIaFahEED0Ev
FN:548,_ZN7testing8internal12ReturnActionIbE4ImplIbFihEED0Ev
FN:560,_ZN7testing8internal12ReturnActionIhE4ImplIhFivEEC2ERKSt10shared_ptrIhE
FN:560,_ZN7testing8internal12ReturnActionIfE4ImplIfFfvEEC2ERKSt10shared_ptrIfE
FN:560,_ZN7testing8internal12ReturnActionIbE4ImplIbFbvEEC2ERKSt10shared_ptrIbE
FN:560,_ZN7testing8internal12ReturnActionIbE4ImplIbFihEEC2ERKSt10shared_ptrIbE
FN:560,_ZN7testing8internal12ReturnActionIiE4ImplIiFivEEC2ERKSt10shared_ptrIiE
FN:560,_ZN7testing8internal12ReturnActionIjE4ImplIjFjvEEC2ERKSt10shared_ptrIjE
FN:560,_ZN7testing8internal12ReturnActionIiE4ImplIiFmvEEC2ERKSt10shared_ptrIiE
FN:560,_ZN7testing8internal12ReturnActionIaE4ImplIaFahEEC2ERKSt10shared_ptrIaE
FN:560,_ZN7testing8internal12ReturnActionIhE4ImplIhFihEEC2ERKSt10shared_ptrIhE
FN:560,_ZN7testing8internal12ReturnActionImE4ImplImFlvEEC2ERKSt10shared_ptrImE
FN:560,_ZN7testing8internal12ReturnActionImE4ImplImFmhhmEEC2ERKSt10shared_ptrImE
FN:560,_ZN7testing8internal12ReturnActionIiE4ImplIiFlvEEC2ERKSt10shared_ptrIiE
FN:560,_ZN7testing8internal12ReturnActionIiE4ImplIiFihEEC2ERKSt10shared_ptrIiE
FN:560,_ZN7testing8internal12ReturnActionImE4ImplImFmvEEC2ERKSt10shared_ptrImE
FN:564,_ZN7testing8internal12ReturnActionIiE4ImplIiFihEE7PerformERKSt5tupleIJhEE
FN:564,_ZN7testing8internal12ReturnActionIaE4ImplIaFahEE7PerformERKSt5tupleIJhEE
FN:564,_ZN7testing8internal12ReturnActionIiE4ImplIiFivEE7PerformERKSt5tupleIJEE
FN:564,_ZN7testing8internal12ReturnActionIiE4ImplIiFlvEE7PerformERKSt5tupleIJEE
FN:564,_ZN7testing8internal12ReturnActionIiE4ImplIiFmvEE7PerformERKSt5tupleIJEE
FN:564,_ZN7testing8internal12ReturnActionIfE4ImplIfFfvEE7PerformERKSt5tupleIJEE
FN:564,_ZN7testing8internal12ReturnActionIbE4ImplIbFbvEE7PerformERKSt5tupleIJEE
FN:564,_ZN7testing8internal12ReturnActionIjE4ImplIjFjvEE7PerformERKSt5tupleIJEE
FN:564,_ZN7testing8internal12ReturnActionIhE4ImplIhFivEE7PerformERKSt5tupleIJEE
FN:564,_ZN7testing8internal12ReturnActionImE4ImplImFlvEE7PerformERKSt5tupleIJEE
FN:564,_ZN7testing8internal12ReturnActionImE4ImplImFmvEE7PerformERKSt5tupleIJEE
FN:564,_ZN7testing8internal12ReturnActionImE4ImplImFmhhmEE7PerformERKSt5tupleIJhhmEE
FN:564,_ZN7testing8internal12ReturnActionIhE4ImplIhFihEE7PerformERKSt5tupleIJhEE
FN:564,_ZN7testing8internal12ReturnActionIbE4ImplIbFihEE7PerformERKSt5tupleIJhEE
FN:727,_ZNK7testing8internal15DoDefaultActioncvNS_6ActionIT_EEIFvhhEEEv
FN:727,_ZNK7testing8internal15DoDefaultActioncvNS_6ActionIT_EEIFbvEEEv
FN:727,_ZNK7testing8internal15DoDefaultActioncvNS_6ActionIT_EEIFlvEEEv
FN:727,_ZNK7testing8internal15DoDefaultActioncvNS_6ActionIT_EEIFmvEEEv
FN:727,_ZNK7testing8internal15DoDefaultActioncvNS_6ActionIT_EEIFfvEEEv
FN:727,_ZNK7testing8internal15DoDefaultActioncvNS_6ActionIT_EEIFahEEEv
FN:727,_ZNK7testing8internal15DoDefaultActioncvNS_6ActionIT_EEIFvmEEEv
FN:727,_ZNK7testing8internal15DoDefaultActioncvNS_6ActionIT_EEIFivEEEv
FN:727,_ZNK7testing8internal15DoDefaultActioncvNS_6ActionIT_EEIFmhhmEEEv
FN:727,_ZNK7testing8internal15DoDefaultActioncvNS_6ActionIT_EEIFmhEEEv
FN:727,_ZNK7testing8internal15DoDefaultActioncvNS_6ActionIT_EEIFviiEEEv
FN:727,_ZNK7testing8internal15DoDefaultActioncvNS_6ActionIT_EEIFjvEEEv
FN:727,_ZNK7testing8internal15DoDefaultActioncvNS_6ActionIT_EEIFviEEEv
FN:727,_ZNK7testing8internal15DoDefaultActioncvNS_6ActionIT_EEIFvjEEEv
FN:727,_ZNK7testing8internal15DoDefaultActioncvNS_6ActionIT_EEIFvhPFvvEiEEEv
FN:727,_ZNK7testing8internal15DoDefaultActioncvNS_6ActionIT_EEIFihEEEv
FN:727,_ZNK7testing8internal15DoDefaultActioncvNS_6ActionIT_EEIFvhiiEEEv
FN:727,_ZNK7testing8internal15DoDefaultActioncvNS_6ActionIT_EEIFhhhEEEv
FN:727,_ZNK7testing8internal15DoDefaultActioncvNS_6ActionIT_EEIFvhEEEv
FN:727,_ZNK7testing8internal15DoDefaultActioncvNS_6ActionIT_EEIFvvEEEv
FN:727,_ZNK7testing8internal15DoDefaultActioncvNS_6ActionIT_EEIFhvEEEv
FN:727,_ZNK7testing8internal15DoDefaultActioncvNS_6ActionIT_EEIFvhiEEEv
FN:844,_ZN7testing8internal23InvokeWithoutArgsActionIZN78GY50BasicTest_getOffset_WhenCalled_WillReturnCorrectAverageOfMeasurements_Test8TestBodyEvEUlvE_EclIJEEEiDpRKT_
FN:844,_ZN7testing8internal23InvokeWithoutArgsActionIZN31DirectionalOdometerAttachedTest5SetUpEvEUlvE0_EclIJEEEmDpRKT_
FN:844,_ZN7testing8internal23InvokeWithoutArgsActionIZN28DistanceCarCruiseControlTest5SetUpEvEUlvE_EclIJEEEmDpRKT_
FN:844,_ZN7testing8internal23InvokeWithoutArgsActionIZN83GY50AttachedTest_getHeading_WhenTooLowAngularVelocityRead_WillNotUpdateHeading_Test8TestBodyEvEUlvE_EclIJEEEiDpRKT_
FN:844,_ZN7testing8internal23InvokeWithoutArgsActionIZN90GY50AttachedTest_getHeading_WhenAngularVelocityReadOverTime_WillReturnCorrectDistance_Test8TestBodyEvEUlvE_EclIJEEEiDpRKT_
FN:844,_ZN7testing8internal23InvokeWithoutArgsActionIZN85DirectionalOdometerAttachedTest_getDistance_WhenCalled_WillReturnCorrectDistance_Test8TestBodyEvEUlvE_EclIJhEEEiDpRKT_
FN:1041,_ZN7testing6ReturnIbEENS_8internal12ReturnActionIT_EES3_
FN:1041,_ZN7testing6ReturnIfEENS_8internal12ReturnActionIT_EES3_
FN:1041,_ZN7testing6ReturnIjEENS_8internal12ReturnActionIT_EES3_
FN:1041,_ZN7testing6ReturnIiEENS_8internal12ReturnActionIT_EES3_
FN:1041,_ZN7testing6ReturnImEENS_8internal12ReturnActionIT_EES3_
FN:1041,_ZN7testing6ReturnIhEENS_8internal12ReturnActionIT_EES3_
FN:1041,_ZN7testing6ReturnIaEENS_8internal12ReturnActionIT_EES3_
FN:1079,_ZN7testing9DoDefaultEv
FN:1160,_ZN7testing17InvokeWithoutArgsIZN90GY50AttachedTest_getHeading_WhenAngularVelocityReadOverTime_WillReturnCorrectDistance_Test8TestBodyEvEUlvE_EENS_8internal23InvokeWithoutArgsActionINSt5decayIT_E4typeEEES6_
FN:1160,_ZN7testing17InvokeWithoutArgsIZN85DirectionalOdometerAttachedTest_getDistance_WhenCalled_WillReturnCorrectDistance_Test8TestBodyEvEUlvE_EENS_8internal23InvokeWithoutArgsActionINSt5decayIT_E4typeEEES6_
FN:1160,_ZN7testing17InvokeWithoutArgsIZN83GY50AttachedTest_getHeading_WhenTooLowAngularVelocityRead_WillNotUpdateHeading_Test8TestBodyEvEUlvE_EENS_8internal23InvokeWithoutArgsActionINSt5decayIT_E4typeEEES6_
FN:1160,_ZN7testing17InvokeWithoutArgsIZN31DirectionalOdometerAttachedTest5SetUpEvEUlvE0_EENS_8internal23InvokeWithoutArgsActionINSt5decayIT_E4typeEEES6_
FN:1160,_ZN7testing17InvokeWithoutArgsIZN28DistanceCarCruiseControlTest5SetUpEvEUlvE_EENS_8internal23InvokeWithoutArgsActionINSt5decayIT_E4typeEEES6_
FN:1160,_ZN7testing17InvokeWithoutArgsIZN78GY50BasicTest_getOffset_WhenCalled_WillReturnCorrectAverageOfMeasurements_Test8TestBodyEvEUlvE_EENS_8internal23InvokeWithoutArgsActionINSt5decayIT_E4typeEEES6_
FNDA:0,_ZN7testing8internal19BuiltInDefaultValueIaE6ExistsEv
FNDA:0,_ZN7testing12DefaultValueIfE6ExistsEv
FNDA:2130,_ZN7testing15ActionInterfaceIFivEEC2Ev
FNDA:75,_ZN7testing6ActionIFihEEC2Ev
FNDA:9000,_ZN7testing8internal23InvokeWithoutArgsActionIZN31DirectionalOdometerAttachedTest5SetUpEvEUlvE0_EclIJEEEmDpRKT_
FNDA:235,_ZNK7testing8internal12ReturnActionIbEcvNS_6ActionIT_EEIFbvEEEv
FNDA:485,_ZNK7testing8internal15DoDefaultActioncvNS_6ActionIT_EEIFviEEEv
FNDA:20,_ZN7testing6ActionIFvhPFvvEiEE13ActionAdapterD2Ev
FNDA:15,_ZN7testing6ActionIFhhhEED2Ev
FNDA:45,_ZNK7testing8internal12ReturnActionIiEcvNS_6ActionIT_EEIFihEEEv
FNDA:4250,_ZN7testing12DefaultValueImE6ExistsEv
FNDA:2130,_ZN7testing6ActionIFivEEC2EPNS_15ActionInterfaceIS1_EE
FNDA:610,_ZN7testing8internal12ReturnActionImE4ImplImFmvEED2Ev
FNDA:50,_ZN7testing6ActionIFivEEaSERKS2_
FNDA:125,_ZNK7testing6ActionIFvhhEE11IsDoDefaultEv
FNDA:10,_ZN7testing6ActionIFjvEEC2ERKS2_
FNDA:7015,_ZN7testing12DefaultValueIhE5IsSetEv
FNDA:200,_ZN7testing8internal23InvokeWithoutArgsActionIZN28DistanceCarCruiseControlTest5SetUpEvEUlvE_EclIJEEEmDpRKT_
FNDA:55,_ZN7testing8internal12ReturnActionIfE4ImplIfFfvEED0Ev
FNDA:20,_ZN7testing8internal12ReturnActionImE4ImplImFmhhmEED0Ev
FNDA:0,_ZN7testing6ActionIFvhhEEC2ERKS2_
FNDA:5,_ZNK7testing8internal12ReturnActionIiEcvNS_6ActionIT_EEIFmvEEEv
FNDA:5,_ZN7testing6ActionIFihEEC2INS_8internal23InvokeWithoutArgsActionIZN85DirectionalOdometerAttachedTest_getDistance_WhenCalled_WillReturnCorrectDistance_Test8TestBodyEvEUlvE_EEvEEOT_
FNDA:15,_ZN7testing8internal12ReturnActionIbE4ImplIbFihEED2Ev
FNDA:15,_ZN7testing6ActionIFhvEED2Ev
FNDA:2115,_ZN7testing8internal12ReturnActionIiE4ImplIiFivEED0Ev
FNDA:15,_ZN7testing6ActionIFhvEEC2Ev
FNDA:20,_ZN7testing6ActionIFlvEE13ActionAdapterC2EOS3_
FNDA:0,_ZN7testing6ActionIFvhiEEC2ERKS2_
FNDA:800,_ZN7testing6ActionIFviEE13ActionAdapterD2Ev
FNDA:255,_ZN7testing8internal19BuiltInDefaultValueIiE6ExistsEv
FNDA:5,_ZN7testing17InvokeWithoutArgsIZN78GY50BasicTest_getOffset_WhenCalled_WillReturnCorrectAverageOfMeasurements_Test8TestBodyEvEUlvE_EENS_8internal23InvokeWithoutArgsActionINSt5decayIT_E4typeEEES6_
FNDA:30,_ZNK7testing6ActionIFvjEE11IsDoDefaultEv
FNDA:15,_ZNK7testing8internal15DoDefaultActioncvNS_6ActionIT_EEIFjvEEEv
FNDA:20,_ZN7testing17InvokeWithoutArgsIZN28DistanceCarCruiseControlTest5SetUpEvEUlvE_EENS_8internal23InvokeWithoutArgsActionINSt5decayIT_E4typeEEES6_
FNDA:5,_ZN7testing15ActionInterfaceIFjvEEC2Ev
FNDA:30,_ZN7testing6ActionIFlvEE13ActionAdapterclIJEEElDpOT_
FNDA:110,_ZN7testing6ActionIFbvEEC2ERKS2_
FNDA:30,_ZN7testing12DefaultValueIjE5IsSetEv
FNDA:255,_ZN7testing12DefaultValueIiE3GetEv
FNDA:510,_ZN7testing12DefaultValueIbE6ExistsEv
FNDA:20,_ZN7testing6ActionIFvhiEEC2Ev
FNDA:30,_ZN7testing12DefaultValueIjE3GetEv
FNDA:10,_ZN7testing8internal23InvokeWithoutArgsActionIZN90GY50AttachedTest_getHeading_WhenAngularVelocityReadOverTime_WillReturnCorrectDistance_Test8TestBodyEvEUlvE_EclIJEEEiDpRKT_
FNDA:7015,_ZN7testing8internal19BuiltInDefaultValueIhE3GetEv
FNDA:130,_ZN7testing6ActionIFvhhEEC2Ev
FNDA:400,_ZN7testing6ActionIFviEEC2ERKS2_
FNDA:2000,_ZN7testing8internal23InvokeWithoutArgsActionIZN85DirectionalOdometerAttachedTest_getDistance_WhenCalled_WillReturnCorrectDistance_Test8TestBodyEvEUlvE_EclIJhEEEiDpRKT_
FNDA:5,_ZN7testing8internal12ReturnActionIiE4ImplIiFlvEEC2ERKSt10shared_ptrIiE
FNDA:9510,_ZNK7testing6ActionIFivEE11IsDoDefaultEv
FNDA:40,_ZNK7testing6ActionIFjvEE11IsDoDefaultEv
FNDA:510,_ZN7testing12DefaultValueIbE3GetEv
FNDA:5240,_ZN7testing6ActionIFivEEC2ERKS2_
FNDA:615,_ZN7testing15ActionInterfaceIFmvEED2Ev
FNDA:0,_ZN7testing15ActionInterfaceIFvhPFvvEiEED0Ev
FNDA:7070,_ZN7testing6ActionIFihEE13ActionAdapterclIJhEEEiDpOT_
FNDA:40,_ZN7testing8internal19BuiltInDefaultValueIlE6ExistsEv
FNDA:5,_ZN7testing15ActionInterfaceIFvhPFvvEiEED2Ev
FNDA:75,_ZNK7testing8internal15DoDefaultActioncvNS_6ActionIT_EEIFihEEEv
FNDA:20,_ZN7testing8internal12ReturnActionImE4ImplImFlvEE7PerformERKSt5tupleIJEE
FNDA:5,_ZN7testing6ActionIFmvEEC2INS_8internal23InvokeWithoutArgsActionIZN90GY50AttachedTest_getHeading_WhenAngularVelocityReadOverTime_WillReturnCorrectDistance_Test8TestBodyEvEUlvE_EEvEEOT_
FNDA:610,_ZN7testing8internal12ReturnActionImE4ImplImFmvEED0Ev
FNDA:55,_ZNK7testing6ActionIFvhEE11IsDoDefaultEv
FNDA:30,_ZNK7testing8internal15DoDefaultActioncvNS_6ActionIT_EEIFvjEEEv
FNDA:15,_ZNK7testing8internal12ReturnActionImEcvNS_6ActionIT_EEIFlvEEEv
FNDA:1420,_ZN7testing6ActionIFbvEE13ActionAdapterclIJEEEbDpOT_
FNDA:10,_ZN7testing6ActionIFlvEEaSERKS2_
FNDA:8510,_ZN7testing6ActionIFivEED2Ev
FNDA:20,_ZN7testing8internal12ReturnActionImE4ImplImFmhhmEEC2ERKSt10shared_ptrImE
FNDA:335,_ZN7testing6ActionIFahEE13ActionAdapterD2Ev
FNDA:15,_ZN7testing8internal12ReturnActionImE4ImplImFlvEED0Ev
FNDA:10,_ZNK7testing8internal15DoDefaultActioncvNS_6ActionIT_EEIFvhPFvvEiEEEv
FNDA:105,_ZN7testing8internal12ReturnActionIaE4ImplIaFahEED2Ev
FNDA:1005,_ZN7testing8internal23InvokeWithoutArgsActionIZN83GY50AttachedTest_getHeading_WhenTooLowAngularVelocityRead_WillNotUpdateHeading_Test8TestBodyEvEUlvE_EclIJEEEiDpRKT_
FNDA:105,_ZN7testing6ReturnIaEENS_8internal12ReturnActionIT_EES3_
FNDA:235,_ZN7testing8internal12ReturnActionIbE4ImplIbFbvEED0Ev
FNDA:40,_ZN7testing12DefaultValueIlE6ExistsEv
FNDA:130,_ZN7testing6ActionIFvhhEED2Ev
FNDA:15,_ZN7testing8internal12ReturnActionIhE4ImplIhFivEED0Ev
FNDA:7140,_ZN7testing6ActionIFihEE13ActionAdapterC2ERKS3_
FNDA:4285,_ZN7testing6ActionIFivEE13ActionAdapterC2ERKS3_
FNDA:710,_ZN7testing6ActionIFmvEEC2Ev
FNDA:0,_ZN7testing6ActionIFvhiiEEC2ERKS2_
FNDA:105,_ZN7testing15ActionInterfaceIFahEEC2Ev
FNDA:1135,_ZN7testing6ActionIFivEEC2Ev
FNDA:15,_ZNK7testing8internal12ReturnActionIhEcvNS_6ActionIT_EEIFivEEEv
FNDA:30,_ZN7testing6ActionIFmhhmEEC2Ev
FNDA:140,_ZN7testing6ActionIFmhEEC2Ev
FNDA:18140,_ZNK7testing6ActionIFihEE11IsDoDefaultEv
FNDA:55,_ZN7testing8internal12ReturnActionIfED2Ev
FNDA:45,_ZNK7testing6ActionIFvvEE11IsDoDefaultEv
FNDA:25,_ZN7testing6ActionIFvhPFvvEiEED2Ev
FNDA:5,_ZN7testing8internal12ReturnActionIjED2Ev
FNDA:0,_ZN7testing12DefaultValueIaE5IsSetEv
FNDA:5,_ZN7testing8internal12ReturnActionIjE4ImplIjFjvEED2Ev
FNDA:15,_ZNK7testing8internal15DoDefaultActioncvNS_6ActionIT_EEIFvhEEEv
FNDA:20,_ZN7testing6ActionIFjvEE13ActionAdapterD2Ev
FNDA:5,_ZN7testing6ActionIFvmEED2Ev
FNDA:15,_ZNK7testing8internal15DoDefaultActioncvNS_6ActionIT_EEIFhhhEEEv
FNDA:85,_ZN7testing6ActionIFahEEaSERKS2_
FNDA:5,_ZN7testing6ActionIFvhPFvvEiEE13ActionAdapterclIJhS2_iEEEvDpOT_
FNDA:615,_ZN7testing8internal12ReturnActionImE4ImplImFmvEE7PerformERKSt5tupleIJEE
FNDA:0,_ZN7testing6ActionIFvjEEC2ERKS2_
FNDA:400,_ZN7testing6ActionIFviEE13ActionAdapterC2ERKS3_
FNDA:55,_ZNK7testing8internal12ReturnActionIfEcvNS_6ActionIT_EEIFfvEEEv
FNDA:45,_ZNK7testing8internal15DoDefaultActioncvNS_6ActionIT_EEIFvvEEEv
FNDA:255,_ZN7testing12DefaultValueIiE5IsSetEv
FNDA:50,_ZN7testing6ActionIFlvEEC2Ev
FNDA:20,_ZN7testing6ActionIFmhhmEE13ActionAdapterC2EOS3_
FNDA:105,_ZNK7testing8internal12ReturnActionIaEcvNS_6ActionIT_EEIFahEEEv
FNDA:35,_ZN7testing6ActionIFviiEED2Ev
FNDA:20,_ZN7testing8internal12ReturnActionImE4ImplImFmhhmEE7PerformERKSt5tupleIJhhmEE
FNDA:30,_ZN7testing12DefaultValueIjE6ExistsEv
FNDA:50,_ZN7testing6ActionIFlvEE13ActionAdapterC2ERKS3_
FNDA:20,_ZN7testing15ActionInterfaceIFmhhmEEC2Ev
FNDA:30,_ZN7testing6ActionIFvjEEC2Ev
FNDA:200,_ZN7testing15ActionInterfaceIFviEEC2Ev
FNDA:11510,_ZNK7testing6ActionIFmvEE11IsDoDefaultEv
FNDA:5,_ZNK7testing8internal15DoDefaultActioncvNS_6ActionIT_EEIFvhiiEEEv
FNDA:210,_ZNK7testing6ActionIFahEE11IsDoDefaultEv
FNDA:0,_ZN7testing6ActionIFmhEEC2ERKS2_
FNDA:10,_ZN7testing6ActionIFvhPFvvEiEEC2Ev
FNDA:0,_ZN7testing6ActionIFviiEEC2ERKS2_
FNDA:5,_ZN7testing8internal12ReturnActionIiE4ImplIiFmvEED2Ev
FNDA:75,_ZN7testing6ActionIFfvEE13ActionAdapterC2ERKS3_
FNDA:250,_ZN7testing6ActionIFahEED2Ev
FNDA:45,_ZN7testing8internal12ReturnActionIiE4ImplIiFihEEC2ERKSt10shared_ptrIiE
FNDA:0,_ZN7testing12DefaultValueIfE5IsSetEv
FNDA:5,_ZN7testing6ActionIFjvEE13ActionAdapterclIJEEEjDpOT_
FNDA:7015,_ZN7testing12DefaultValueIhE6ExistsEv
FNDA:2130,_ZN7testing15ActionInterfaceIFivEED2Ev
FNDA:105,_ZN7testing6ActionIFahEEC2Ev
FNDA:4250,_ZN7testing8internal19BuiltInDefaultValueImE3GetEv
FNDA:510,_ZN7testing8internal19BuiltInDefaultValueIbE6ExistsEv
FNDA:40,_ZN7testing12DefaultValueIlE5IsSetEv
FNDA:20,_ZN7testing15ActionInterfaceIFlvEED2Ev
FNDA:0,_ZNK7testing6ActionIFvjEE7PerformESt5tupleIJjEE
FNDA:0,_ZNK7testing6ActionIFvhEE7PerformESt5tupleIJhEE
FNDA:55,_ZN7testing6ActionIFfvEEC2EPNS_15ActionInterfaceIS1_EE
FNDA:0,_ZNK7testing6ActionIFhvEE7PerformESt5tupleIJEE
FNDA:0,_ZN7testing15ActionInterfaceIFlvEED0Ev
FNDA:0,_ZNK7testing6ActionIFviiEE7PerformESt5tupleIJiiEE
FNDA:25,_ZN7testing6ActionIFmvEEC2INS_8internal23InvokeWithoutArgsActionIZN31DirectionalOdometerAttachedTest5SetUpEvEUlvE0_EEvEEOT_
FNDA:5,_ZNK7testing6ActionIFvhiiEE11IsDoDefaultEv
FNDA:20,_ZNK7testing8internal15DoDefaultActioncvNS_6ActionIT_EEIFvhiEEEv
FNDA:25,_ZN7testing8internal12ReturnActionIhEC2Eh
FNDA:55,_ZN7testing6ActionIFfvEE13ActionAdapterC2EOS3_
FNDA:0,_ZN7testing12DefaultValueIfE3GetEv
FNDA:15,_ZN7testing6ActionIFhhhEEC2Ev
FNDA:20,_ZNK7testing6ActionIFvhiEE11IsDoDefaultEv
FNDA:5,_ZN7testing6ActionIFvhPFvvEiEE13ActionAdapterC2EOS5_
FNDA:420,_ZN7testing6ActionIFfvEE13ActionAdapterclIJEEEfDpOT_
FNDA:40,_ZN7testing6ActionIFmhhmEEC2ERKS2_
FNDA:20,_ZN7testing15ActionInterfaceIFlvEEC2Ev
FNDA:610,_ZN7testing8internal12ReturnActionImE4ImplImFmvEEC2ERKSt10shared_ptrImE
FNDA:15,_ZN7testing8internal12ReturnActionIbE4ImplIbFihEED0Ev
FNDA:10,_ZNK7testing6ActionIFvhPFvvEiEE11IsDoDefaultEv
FNDA:105,_ZNK7testing6ActionIFahEE7PerformESt5tupleIJhEE
FNDA:480,_ZNK7testing6ActionIFfvEE11IsDoDefaultEv
FNDA:0,_ZNK7testing6ActionIFhhhEE7PerformESt5tupleIJhhEE
FNDA:30,_ZN7testing8internal19BuiltInDefaultValueIjE3GetEv
FNDA:105,_ZN7testing6ActionIFahEEC2EPNS_15ActionInterfaceIS1_EE
FNDA:0,_ZN7testing8internal19BuiltInDefaultValueIfE6ExistsEv
FNDA:15,_ZNK7testing8internal15DoDefaultActioncvNS_6ActionIT_EEIFhvEEEv
FNDA:4250,_ZN7testing12DefaultValueImE3GetEv
FNDA:105,_ZN7testing8internal12ReturnActionIaE4ImplIaFahEED0Ev
FNDA:680,_ZNK7testing6ActionIFviEE11IsDoDefaultEv
FNDA:45,_ZN7testing6ActionIFvvEEC2Ev
FNDA:30,_ZN7testing6ActionIFjvEED2Ev
FNDA:70,_ZN7testing6ActionIFihEE13ActionAdapterC2EOS3_
FNDA:170,_ZNK7testing6ActionIFmhEE11IsDoDefaultEv
FNDA:90,_ZNK7testing6ActionIFmhhmEE11IsDoDefaultEv
FNDA:70,_ZN7testing15ActionInterfaceIFihEEC2Ev
FNDA:4250,_ZN7testing12DefaultValueImE5IsSetEv
FNDA:5020,_ZN7testing8internal12ReturnActionIbE4ImplIbFihEE7PerformERKSt5tupleIJhEE
FNDA:0,_ZN7testing12DefaultValueIaE6ExistsEv
FNDA:55,_ZN7testing15ActionInterfaceIFfvEED2Ev
FNDA:15,_ZN7testing6ActionIFvhEED2Ev
FNDA:2005,_ZN7testing8internal12ReturnActionIhE4ImplIhFihEE7PerformERKSt5tupleIJhEE
FNDA:15,_ZN7testing6ActionIFjvEEC2Ev
FNDA:9070,_ZNK7testing6ActionIFihEE7PerformESt5tupleIJhEE
FNDA:15,_ZN7testing8internal12ReturnActionImE4ImplImFlvEED2Ev
FNDA:5,_ZN7testing17InvokeWithoutArgsIZN85DirectionalOdometerAttachedTest_getDistance_WhenCalled_WillReturnCorrectDistance_Test8TestBodyEvEUlvE_EENS_8internal23InvokeWithoutArgsActionINSt5decayIT_E4typeEEES6_
FNDA:45,_ZN7testing6ActionIFfvEEaSERKS2_
FNDA:80,_ZN7testing6ActionIFmhhmEE13ActionAdapterD2Ev
FNDA:105,_ZN7testing6ActionIFahEE13ActionAdapterC2EOS3_
FNDA:20,_ZN7testing6ActionIFmhhmEE13ActionAdapterclIJhhmEEEmDpOT_
FNDA:20,_ZNK7testing6ActionIFmhhmEE7PerformESt5tupleIJhhmEE
FNDA:7015,_ZN7testing8internal19BuiltInDefaultValueIhE6ExistsEv
FNDA:25,_ZN7testing8internal12ReturnActionIhED2Ev
FNDA:30,_ZNK7testing6ActionIFlvEE7PerformESt5tupleIJEE
FNDA:20,_ZN7testing6ActionIFmvEEC2INS_8internal23InvokeWithoutArgsActionIZN28DistanceCarCruiseControlTest5SetUpEvEUlvE_EEvEEOT_
FNDA:1420,_ZNK7testing6ActionIFbvEE7PerformESt5tupleIJEE
FNDA:30,_ZN7testing6ActionIFvjEED2Ev
FNDA:235,_ZN7testing15ActionInterfaceIFbvEED2Ev
FNDA:20,_ZN7testing8internal12ReturnActionImE4ImplImFmhhmEED2Ev
FNDA:55,_ZN7testing6ReturnIfEENS_8internal12ReturnActionIT_EES3_
FNDA:15,_ZN7testing8internal12ReturnActionIhE4ImplIhFivEEC2ERKSt10shared_ptrIhE
FNDA:85,_ZNK7testing8internal15DoDefaultActioncvNS_6ActionIT_EEIFbvEEEv
FNDA:50,_ZNK7testing8internal15DoDefaultActioncvNS_6ActionIT_EEIFlvEEEv
FNDA:200,_ZN7testing6ActionIFviEEC2EPNS_15ActionInterfaceIS1_EE
FNDA:0,_ZN7testing6ActionIFhvEEC2ERKS2_
FNDA:10835,_ZNK7testing6ActionIFmvEE7PerformESt5tupleIJEE
FNDA:0,_ZN7testing6ActionIFvmEEC2ERKS2_
FNDA:7280,_ZN7testing6ActionIFihEE13ActionAdapterD2Ev
FNDA:200,_ZN7testing6ActionIFviEE13ActionAdapterC2EOS3_
FNDA:7015,_ZN7testing12DefaultValueIhE3GetEv
FNDA:130,_ZNK7testing8internal15DoDefaultActioncvNS_6ActionIT_EEIFvhhEEEv
FNDA:105,_ZN7testing8internal12ReturnActionIaED2Ev
FNDA:40,_ZN7testing6ActionIFlvEEC2ERKS2_
FNDA:5,_ZN7testing17InvokeWithoutArgsIZN90GY50AttachedTest_getHeading_WhenAngularVelocityReadOverTime_WillReturnCorrectDistance_Test8TestBodyEvEUlvE_EENS_8internal23InvokeWithoutArgsActionINSt5decayIT_E4typeEEES6_
FNDA:0,_ZNK7testing6ActionIFvhiEE7PerformESt5tupleIJhiEE
FNDA:235,_ZN7testing15ActionInterfaceIFbvEEC2Ev
FNDA:5,_ZN7testing15ActionInterfaceIFvhPFvvEiEEC2Ev
FNDA:0,_ZNK7testing6ActionIFvhhEE7PerformESt5tupleIJhhEE
FNDA:0,_ZN7testing6ActionIFvhEEC2ERKS2_
FNDA:45,_ZN7testing8internal12ReturnActionIiE4ImplIiFihEE7PerformERKSt5tupleIJhEE
FNDA:610,_ZNK7testing8internal12ReturnActionImEcvNS_6ActionIT_EEIFmvEEEv
FNDA:1640,_ZNK7testing6ActionIFbvEE11IsDoDefaultEv
FNDA:0,_ZNK7testing6ActionIFvhiiEE7PerformESt5tupleIJhiiEE
FNDA:10,_ZN7testing6ActionIFvhPFvvEiEE13ActionAdapterC2ERKS5_
FNDA:20,_ZNK7testing8internal12ReturnActionImEcvNS_6ActionIT_EEIFmhhmEEEv
FNDA:250,_ZN7testing6ReturnIbEENS_8internal12ReturnActionIT_EES3_
FNDA:0,_ZN7testing15ActionInterfaceIFjvEED0Ev
FNDA:10,_ZN7testing6ActionIFjvEE13ActionAdapterC2ERKS3_
FNDA:285,_ZN7testing6ActionIFbvEE13ActionAdapterC2ERKS3_
FNDA:2170,_ZN7testing8internal12ReturnActionIiEC2Ei
FNDA:200,_ZN7testing6ActionIFviEE13ActionAdapterclIJiEEEvDpOT_
FNDA:1220,_ZN7testing6ActionIFmvEE13ActionAdapterC2ERKS3_
FNDA:235,_ZN7testing6ActionIFbvEEC2EPNS_15ActionInterfaceIS1_EE
FNDA:250,_ZN7testing8internal12ReturnActionIbEC2Eb
FNDA:485,_ZN7testing6ActionIFviEEC2Ev
FNDA:105,_ZN7testing8internal12ReturnActionIaE4ImplIaFahEE7PerformERKSt5tupleIJhEE
FNDA:5200,_ZN7testing8internal12ReturnActionIiE4ImplIiFivEE7PerformERKSt5tupleIJEE
FNDA:175,_ZN7testing6ActionIFbvEEaSERKS2_
FNDA:15,_ZN7testing8internal12ReturnActionIbE4ImplIbFihEEC2ERKSt10shared_ptrIbE
FNDA:110,_ZN7testing6ActionIFlvEED2Ev
FNDA:5,_ZN7testing6ReturnIjEENS_8internal12ReturnActionIT_EES3_
FNDA:235,_ZN7testing8internal12ReturnActionIbE4ImplIbFbvEED2Ev
FNDA:5,_ZN7testing6ActionIFjvEE13ActionAdapterC2EOS3_
FNDA:15,_ZNK7testing8internal12ReturnActionIbEcvNS_6ActionIT_EEIFihEEEv
FNDA:0,_ZN7testing12DefaultValueIaE3GetEv
FNDA:0,_ZN7testing8internal19BuiltInDefaultValueIaE3GetEv
FNDA:640,_ZNK7testing8internal15DoDefaultActioncvNS_6ActionIT_EEIFmvEEEv
FNDA:645,_ZN7testing8internal12ReturnActionImEC2Em
FNDA:235,_ZN7testing8internal12ReturnActionIbE4ImplIbFbvEEC2ERKSt10shared_ptrIbE
FNDA:25,_ZNK7testing8internal15DoDefaultActioncvNS_6ActionIT_EEIFfvEEEv
FNDA:0,_ZNK7testing6ActionIFmhEE7PerformESt5tupleIJhEE
FNDA:5,_ZN7testing8internal12ReturnActionIiE4ImplIiFlvEED0Ev
FNDA:1085,_ZN7testing6ActionIFviEED2Ev
FNDA:255,_ZN7testing6ActionIFbvEEC2Ev
FNDA:80,_ZNK7testing6ActionIFlvEE11IsDoDefaultEv
FNDA:2115,_ZN7testing8internal12ReturnActionIiE4ImplIiFivEEC2ERKSt10shared_ptrIiE
FNDA:5,_ZN7testing8internal12ReturnActionIiE4ImplIiFmvEED0Ev
FNDA:10,_ZN7testing8internal12ReturnActionIiE4ImplIiFlvEE7PerformERKSt5tupleIJEE
FNDA:5890,_ZN7testing12DefaultValueIvE6ExistsEv
FNDA:5,_ZN7testing8internal12ReturnActionIjE4ImplIjFjvEEC2ERKSt10shared_ptrIjE
FNDA:2115,_ZNK7testing8internal12ReturnActionIiEcvNS_6ActionIT_EEIFivEEEv
FNDA:25,_ZN7testing17InvokeWithoutArgsIZN31DirectionalOdometerAttachedTest5SetUpEvEUlvE0_EENS_8internal23InvokeWithoutArgsActionINSt5decayIT_E4typeEEES6_
FNDA:2170,_ZN7testing8internal12ReturnActionIiED2Ev
FNDA:2130,_ZN7testing6ActionIFivEE13ActionAdapterC2EOS3_
FNDA:9125,_ZN7testing6ActionIFihEEC2ERKS2_
FNDA:5,_ZN7testing17InvokeWithoutArgsIZN83GY50AttachedTest_getHeading_WhenTooLowAngularVelocityRead_WillNotUpdateHeading_Test8TestBodyEvEUlvE_EENS_8internal23InvokeWithoutArgsActionINSt5decayIT_E4typeEEES6_
FNDA:20,_ZNK7testing8internal15DoDefaultActioncvNS_6ActionIT_EEIFahEEEv
FNDA:510,_ZN7testing12DefaultValueIbE5IsSetEv
FNDA:0,_ZN7testing15ActionInterfaceIFbvEED0Ev
FNDA:105,_ZN7testing6ActionIFahEE13ActionAdapterclIJhEEEaDpOT_
FNDA:30,_ZN7testing6ActionIFfvEEC2ERKS2_
FNDA:20,_ZNK7testing6ActionIFviiEE11IsDoDefaultEv
FNDA:600,_ZN7testing6ActionIFbvEED2Ev
FNDA:45,_ZN7testing8internal12ReturnActionIiE4ImplIiFihEED0Ev
FNDA:20,_ZN7testing6ActionIFvhiEED2Ev
FNDA:4250,_ZN7testing8internal19BuiltInDefaultValueImE6ExistsEv
FNDA:20,_ZN7testing15ActionInterfaceIFmhhmEED2Ev
FNDA:55,_ZN7testing8internal12ReturnActionIfE4ImplIfFfvEEC2ERKSt10shared_ptrIfE
FNDA:0,_ZN7testing15ActionInterfaceIFmhhmEED0Ev
FNDA:8545,_ZN7testing6ActionIFivEE13ActionAdapterD2Ev
FNDA:200,_ZNK7testing6ActionIFviEE7PerformESt5tupleIJiEE
FNDA:5,_ZN7testing6ActionIFmvEEC2INS_8internal23InvokeWithoutArgsActionIZN83GY50AttachedTest_getHeading_WhenTooLowAngularVelocityRead_WillNotUpdateHeading_Test8TestBodyEvEUlvE_EEvEEOT_
FNDA:0,_ZN7testing6ActionIFvvEEC2ERKS2_
FNDA:40,_ZN7testing12DefaultValueIlE3GetEv
FNDA:2450,_ZN7testing6ActionIFmvEE13ActionAdapterD2Ev
FNDA:5890,_ZN7testing12DefaultValueIvE3GetEv
FNDA:5,_ZN7testing8internal12ReturnActionIiE4ImplIiFmvEE7PerformERKSt5tupleIJEE
FNDA:30,_ZNK7testing8internal15DoDefaultActioncvNS_6ActionIT_EEIFmhhmEEEv
FNDA:615,_ZN7testing6ActionIFmvEE13ActionAdapterC2EOS3_
FNDA:5215,_ZN7testing6ActionIFivEE13ActionAdapterclIJEEEiDpOT_
FNDA:140,_ZNK7testing8internal15DoDefaultActioncvNS_6ActionIT_EEIFmhEEEv
FNDA:420,_ZN7testing8internal12ReturnActionIfE4ImplIfFfvEE7PerformERKSt5tupleIJEE
FNDA:5,_ZN7testing6ActionIFjvEEC2EPNS_15ActionInterfaceIS1_EE
FNDA:1200,_ZN7testing6ActionIFmvEEC2ERKS2_
FNDA:105,_ZN7testing8internal12ReturnActionIaEC2Ea
FNDA:0,_ZN7testing15ActionInterfaceIFmvEED0Ev
FNDA:5,_ZN7testing6ActionIFvmEEC2Ev
FNDA:200,_ZN7testing15ActionInterfaceIFviEED2Ev
FNDA:5,_ZNK7testing6ActionIFvhPFvvEiEE7PerformESt5tupleIJhS2_iEE
FNDA:15,_ZN7testing6ActionIFvhEEC2Ev
FNDA:10,_ZN7testing8internal12ReturnActionIhE4ImplIhFihEED0Ev
FNDA:0,_ZN7testing15ActionInterfaceIFahEED0Ev
FNDA:0,_ZN7testing8internal19BuiltInDefaultValueIfE3GetEv
FNDA:40,_ZN7testing8internal19BuiltInDefaultValueIlE3GetEv
FNDA:250,_ZN7testing8internal12ReturnActionIbED2Ev
FNDA:10,_ZNK7testing8internal12ReturnActionIhEcvNS_6ActionIT_EEIFihEEEv
FNDA:255,_ZN7testing12DefaultValueIiE6ExistsEv
FNDA:755,_ZN7testing6ActionIFbvEE13ActionAdapterD2Ev
FNDA:255,_ZN7testing8internal19BuiltInDefaultValueIiE3GetEv
FNDA:10,_ZN7testing8internal12ReturnActionIhE4ImplIhFihEEC2ERKSt10shared_ptrIhE
FNDA:5,_ZNK7testing8internal12ReturnActionIjEcvNS_6ActionIT_EEIFjvEEEv
FNDA:40,_ZN7testing6ActionIFahEEC2ERKS2_
FNDA:5,_ZN7testing8internal12ReturnActionIiE4ImplIiFmvEEC2ERKSt10shared_ptrIiE
FNDA:5,_ZNK7testing6ActionIFjvEE7PerformESt5tupleIJEE
FNDA:105,_ZN7testing8internal12ReturnActionIaE4ImplIaFahEEC2ERKSt10shared_ptrIaE
FNDA:0,_ZN7testing15ActionInterfaceIFivEED0Ev
FNDA:35,_ZN7testing6ActionIFviiEEC2Ev
FNDA:55,_ZN7testing8internal12ReturnActionIfE4ImplIfFfvEED2Ev
FNDA:15,_ZN7testing8internal12ReturnActionIhE4ImplIhFivEED2Ev
FNDA:2115,_ZN7testing8internal12ReturnActionIiE4ImplIiFivEED2Ev
FNDA:140,_ZN7testing6ActionIFmhEED2Ev
FNDA:1105,_ZNK7testing8internal15DoDefaultActioncvNS_6ActionIT_EEIFivEEEv
FNDA:235,_ZN7testing6ActionIFbvEE13ActionAdapterC2EOS3_
FNDA:150,_ZN7testing6ActionIFfvEED2Ev
FNDA:20,_ZN7testing6ActionIFlvEEC2EPNS_15ActionInterfaceIS1_EE
FNDA:75,_ZN7testing6ActionIFmvEEaSERKS2_
FNDA:55,_ZNK7testing6ActionIFhvEE11IsDoDefaultEv
FNDA:20,_ZN7testing6ActionIFihEEaSERKS2_
FNDA:5,_ZNK7testing8internal15DoDefaultActioncvNS_6ActionIT_EEIFvmEEEv
FNDA:620,_ZN7testing6ActionIFmvEE13ActionAdapterclIJEEEmDpOT_
FNDA:645,_ZN7testing8internal12ReturnActionImED2Ev
FNDA:510,_ZN7testing8internal19BuiltInDefaultValueIbE3GetEv
FNDA:105,_ZN7testing15ActionInterfaceIFahEED2Ev
FNDA:2995,_ZN7testing9DoDefaultEv
FNDA:2580,_ZN7testing6ActionIFmvEED2Ev
FNDA:45,_ZN7testing6ActionIFvvEED2Ev
FNDA:5,_ZN7testing8internal12ReturnActionIiE4ImplIiFlvEED2Ev
FNDA:15,_ZN7testing8internal12ReturnActionIhE4ImplIhFivEE7PerformERKSt5tupleIJEE
FNDA:25,_ZN7testing6ReturnIhEENS_8internal12ReturnActionIT_EES3_
FNDA:55,_ZN7testing15ActionInterfaceIFfvEEC2Ev
FNDA:10,_ZN7testing6ActionIFvhPFvvEiEEC2ERKS4_
FNDA:25,_ZNK7testing6ActionIFhhhEE11IsDoDefaultEv
FNDA:0,_ZN7testing15ActionInterfaceIFviEED0Ev
FNDA:420,_ZNK7testing6ActionIFfvEE7PerformESt5tupleIJEE
FNDA:5,_ZN7testing8internal12ReturnActionIjEC2Ej
FNDA:30,_ZN7testing8internal19BuiltInDefaultValueIjE6ExistsEv
FNDA:0,_ZN7testing15ActionInterfaceIFihEED0Ev
FNDA:125,_ZN7testing6ActionIFahEE13ActionAdapterC2ERKS3_
FNDA:6215,_ZNK7testing6ActionIFivEE7PerformESt5tupleIJEE
FNDA:35,_ZNK7testing8internal15DoDefaultActioncvNS_6ActionIT_EEIFviiEEEv
FNDA:70,_ZN7testing15ActionInterfaceIFihEED2Ev
FNDA:90,_ZN7testing6ActionIFlvEE13ActionAdapterD2Ev
FNDA:615,_ZN7testing15ActionInterfaceIFmvEEC2Ev
FNDA:5,_ZN7testing6ActionIFvhiiEEC2Ev
FNDA:20,_ZN7testing6ActionIFmhhmEEC2EPNS_15ActionInterfaceIS1_EE
FNDA:5,_ZN7testing6ActionIFvhPFvvEiEEC2EPNS_15ActionInterfaceIS3_EE
FNDA:5,_ZN7testing6ActionIFivEEC2INS_8internal23InvokeWithoutArgsActionIZN78GY50BasicTest_getOffset_WhenCalled_WillReturnCorrectAverageOfMeasurements_Test8TestBodyEvEUlvE_EEvEEOT_
FNDA:45,_ZN7testing8internal12ReturnActionIiE4ImplIiFihEED2Ev
FNDA:15,_ZN7testing8internal12ReturnActionImE4ImplImFlvEEC2ERKSt10shared_ptrImE
FNDA:70,_ZN7testing6ActionIFihEEC2EPNS_15ActionInterfaceIS1_EE
FNDA:5,_ZN7testing8internal12ReturnActionIjE4ImplIjFjvEED0Ev
FNDA:2170,_ZN7testing6ReturnIiEENS_8internal12ReturnActionIT_EES3_
FNDA:5,_ZNK7testing8internal12ReturnActionIiEcvNS_6ActionIT_EEIFlvEEEv
FNDA:50,_ZNK7testing6ActionIFvmEE11IsDoDefaultEv
FNDA:0,_ZNK7testing6ActionIFvvEE7PerformESt5tupleIJEE
FNDA:65,_ZN7testing6ActionIFfvEEC2Ev
FNDA:0,_ZNK7testing6ActionIFvmEE7PerformESt5tupleIJmEE
FNDA:90,_ZN7testing6ActionIFmhhmEED2Ev
FNDA:5,_ZN7testing15ActionInterfaceIFjvEED2Ev
FNDA:0,_ZN7testing15ActionInterfaceIFfvEED0Ev
FNDA:10,_ZN7testing8internal12ReturnActionIhE4ImplIhFihEED2Ev
FNDA:1000,_ZN7testing8internal23InvokeWithoutArgsActionIZN78GY50BasicTest_getOffset_WhenCalled_WillReturnCorrectAverageOfMeasurements_Test8TestBodyEvEUlvE_EclIJEEEiDpRKT_
FNDA:5,_ZN7testing6ActionIFvhiiEED2Ev
FNDA:40,_ZN7testing6ActionIFmhhmEE13ActionAdapterC2ERKS3_
FNDA:55,_ZN7testing8internal12ReturnActionIfEC2Ef
FNDA:615,_ZN7testing6ActionIFmvEEC2EPNS_15ActionInterfaceIS1_EE
FNDA:5,_ZN7testing8internal12ReturnActionIjE4ImplIjFjvEE7PerformERKSt5tupleIJEE
FNDA:9275,_ZN7testing6ActionIFihEED2Ev
FNDA:1420,_ZN7testing8internal12ReturnActionIbE4ImplIbFbvEE7PerformERKSt5tupleIJEE
FNDA:0,_ZN7testing6ActionIFhhhEEC2ERKS2_
FNDA:645,_ZN7testing6ReturnImEENS_8internal12ReturnActionIT_EES3_
FNDA:185,_ZN7testing6ActionIFfvEE13ActionAdapterD2Ev
FNF:379
FNH:336
DA:146,1020
DA:147,14030
DA:148,0
DA:163,60
DA:164,510
DA:165,8500
DA:166,80
DA:169,0
DA:215,12100
DA:219,12100
DA:220,12100
DA:226,12100
DA:227,0
DA:228,12100
DA:301,5890
DA:302,5890
DA:320,3460
DA:321,3460
DA:341,39865
DA:344,37660
DA:349,15110
DA:350,15110
DA:351,15110
DA:361,3390
DA:369,65
DA:372,3460
DA:373,3460
DA:382,42990
DA:390,28325
DA:391,28325
DA:392,0
DA:394,28325
DA:517,3255
DA:522,3255
DA:527,3255
DA:542,3255
DA:548,6510
DA:560,3255
DA:561,3255
DA:562,6510
DA:564,14905
DA:727,2995
DA:844,13215
DA:845,13215
DA:1041,3255
DA:1042,3255
DA:1079,2995
DA:1080,2995
DA:1160,65
DA:1161,65
LF:50
LH:46
end_of_record
TN:
SF:/home/travis/build/platisd/smartcar_shield/test/build/googletest-src/googlemock/include/gmock/gmock-cardinalities.h
FN:64,_ZN7testing20CardinalityInterfaceC2Ev
FN:66,_ZN7testing20CardinalityInterfaceD2Ev
FN:66,_ZN7testing20CardinalityInterfaceD0Ev
FN:70,_ZNK7testing20CardinalityInterface22ConservativeLowerBoundEv
FN:71,_ZNK7testing20CardinalityInterface22ConservativeUpperBoundEv
FN:87,_ZN7testing11CardinalityD2Ev
FN:87,_ZN7testing11CardinalityaSERKS0_
FN:94,_ZN7testing11CardinalityC2EPKNS_20CardinalityInterfaceE
FN:98,_ZNK7testing11Cardinality22ConservativeLowerBoundEv
FN:99,_ZNK7testing11Cardinality22ConservativeUpperBoundEv
FN:102,_ZNK7testing11Cardinality22IsSatisfiedByCallCountEi
FN:107,_ZNK7testing11Cardinality22IsSaturatedByCallCountEi
FN:113,_ZNK7testing11Cardinality26IsOverSaturatedByCallCountEi
FN:119,_ZNK7testing11Cardinality10DescribeToEPSo
FNDA:2800,_ZNK7testing11Cardinality22ConservativeLowerBoundEv
FNDA:28540,_ZNK7testing11Cardinality22IsSaturatedByCallCountEi
FNDA:0,_ZNK7testing20CardinalityInterface22ConservativeUpperBoundEv
FNDA:44555,_ZN7testing20CardinalityInterfaceC2Ev
FNDA:0,_ZNK7testing20CardinalityInterface22ConservativeLowerBoundEv
FNDA:0,_ZNK7testing11Cardinality10DescribeToEPSo
FNDA:20965,_ZNK7testing11Cardinality26IsOverSaturatedByCallCountEi
FNDA:26145,_ZNK7testing11Cardinality22IsSatisfiedByCallCountEi
FNDA:8375,_ZN7testing11CardinalityD2Ev
FNDA:44555,_ZN7testing11CardinalityC2EPKNS_20CardinalityInterfaceE
FNDA:3430,_ZN7testing11CardinalityaSERKS0_
FNDA:44555,_ZN7testing20CardinalityInterfaceD2Ev
FNDA:2800,_ZNK7testing11Cardinality22ConservativeUpperBoundEv
FNDA:0,_ZN7testing20CardinalityInterfaceD0Ev
FNF:14
FNH:10
DA:64,44555
DA:66,44555
DA:70,0
DA:71,0
DA:87,11805
DA:94,44555
DA:98,2800
DA:99,2800
DA:102,26145
DA:103,26145
DA:107,28540
DA:108,28540
DA:113,20965
DA:114,41475
DA:115,41475
DA:119,0
LF:16
LH:13
end_of_record
TN:
SF:/home/travis/build/platisd/smartcar_shield/test/build/googletest-src/googlemock/include/gmock/gmock-generated-actions.h
FN:81,_ZN7testing8internal12ActionHelperIvNS_14SaveArgActionPILi0EPiE10gmock_ImplIFviEEEE7PerformIiEEvPS7_RKSt5tupleIJT_EE
FN:97,_ZN7testing8internal12ActionHelperIvNS_14SaveArgActionPILi1EPPFvvEE10gmock_ImplIFvhS4_iEEEE7PerformIhS4_iEEvPS9_RKSt5tupleIJT_T0_T1_EE
FNDA:5,_ZN7testing8internal12ActionHelperIvNS_14SaveArgActionPILi1EPPFvvEE10gmock_ImplIFvhS4_iEEEE7PerformIhS4_iEEvPS9_RKSt5tupleIJT_T0_T1_EE
FNDA:200,_ZN7testing8internal12ActionHelperIvNS_14SaveArgActionPILi0EPiE10gmock_ImplIFviEEEE7PerformIiEEvPS7_RKSt5tupleIJT_EE
FNF:2
FNH:2
DA:81,200
DA:82,200
DA:85,200
DA:97,5
DA:99,15
DA:101,15
LF:6
LH:6
end_of_record
TN:
SF:/home/travis/build/platisd/smartcar_shield/test/build/googletest-src/googlemock/include/gmock/gmock-matchers.h
FN:81,_ZN7testing25StringMatchResultListenerD2Ev
FN:81,_ZN7testing25StringMatchResultListenerD0Ev
FN:83,_ZN7testing25StringMatchResultListenerC2Ev
FN:86,_ZNK7testing25StringMatchResultListener3strEv
FN:306,_ZN7testing8internal15PrintIfNotEmptyERKSsPSo
FN:360,_ZN7testing8internal11TuplePrefixILm1EE7MatchesISt5tupleIJNS_7MatcherIhEENS5_IiEES7_EES4_IJhiiEEEEbRKT_RKT0_
FN:360,_ZN7testing8internal11TuplePrefixILm3EE7MatchesISt5tupleIJNS_7MatcherIhEENS5_IPFvvEEENS5_IiEEEES4_IJhS8_iEEEEbRKT_RKT0_
FN:360,_ZN7testing8internal11TuplePrefixILm2EE7MatchesISt5tupleIJNS_7MatcherIhEENS5_IiEES7_EES4_IJhiiEEEEbRKT_RKT0_
FN:360,_ZN7testing8internal11TuplePrefixILm3EE7MatchesISt5tupleIJNS_7MatcherIhEES6_NS5_ImEEEES4_IJhhmEEEEbRKT_RKT0_
FN:360,_ZN7testing8internal11TuplePrefixILm2EE7MatchesISt5tupleIJNS_7MatcherIiEES6_EES4_IJiiEEEEbRKT_RKT0_
FN:360,_ZN7testing8internal11TuplePrefixILm1EE7MatchesISt5tupleIJNS_7MatcherIiEEEES4_IJiEEEEbRKT_RKT0_
FN:360,_ZN7testing8internal11TuplePrefixILm1EE7MatchesISt5tupleIJNS_7MatcherIiEES6_EES4_IJiiEEEEbRKT_RKT0_
FN:360,_ZN7testing8internal11TuplePrefixILm2EE7MatchesISt5tupleIJNS_7MatcherIhEES6_NS5_ImEEEES4_IJhhmEEEEbRKT_RKT0_
FN:360,_ZN7testing8internal11TuplePrefixILm1EE7MatchesISt5tupleIJNS_7MatcherIhEENS5_IPFvvEEENS5_IiEEEES4_IJhS8_iEEEEbRKT_RKT0_
FN:360,_ZN7testing8internal11TuplePrefixILm2EE7MatchesISt5tupleIJNS_7MatcherIhEES6_EES4_IJhhEEEEbRKT_RKT0_
FN:360,_ZN7testing8internal11TuplePrefixILm1EE7MatchesISt5tupleIJNS_7MatcherIhEENS5_IiEEEES4_IJhiEEEEbRKT_RKT0_
FN:360,_ZN7testing8internal11TuplePrefixILm2EE7MatchesISt5tupleIJNS_7MatcherIhEENS5_IiEEEES4_IJhiEEEEbRKT_RKT0_
FN:360,_ZN7testing8internal11TuplePrefixILm3EE7MatchesISt5tupleIJNS_7MatcherIhEENS5_IiEES7_EES4_IJhiiEEEEbRKT_RKT0_
FN:360,_ZN7testing8internal11TuplePrefixILm2EE7MatchesISt5tupleIJNS_7MatcherIhEENS5_IPFvvEEENS5_IiEEEES4_IJhS8_iEEEEbRKT_RKT0_
FN:360,_ZN7testing8internal11TuplePrefixILm1EE7MatchesISt5tupleIJNS_7MatcherIhEEEES4_IJhEEEEbRKT_RKT0_
FN:360,_ZN7testing8internal11TuplePrefixILm1EE7MatchesISt5tupleIJNS_7MatcherIhEES6_EES4_IJhhEEEEbRKT_RKT0_
FN:360,_ZN7testing8internal11TuplePrefixILm1EE7MatchesISt5tupleIJNS_7MatcherIjEEEES4_IJjEEEEbRKT_RKT0_
FN:360,_ZN7testing8internal11TuplePrefixILm1EE7MatchesISt5tupleIJNS_7MatcherImEEEES4_IJmEEEEbRKT_RKT0_
FN:360,_ZN7testing8internal11TuplePrefixILm1EE7MatchesISt5tupleIJNS_7MatcherIhEES6_NS5_ImEEEES4_IJhhmEEEEbRKT_RKT0_
FN:371,_ZN7testing8internal11TuplePrefixILm3EE22ExplainMatchFailuresToISt5tupleIJNS_7MatcherIhEENS5_IiEES7_EES4_IJhiiEEEEvRKT_RKT0_PSo
FN:371,_ZN7testing8internal11TuplePrefixILm3EE22ExplainMatchFailuresToISt5tupleIJNS_7MatcherIhEES6_NS5_ImEEEES4_IJhhmEEEEvRKT_RKT0_PSo
FN:371,_ZN7testing8internal11TuplePrefixILm1EE22ExplainMatchFailuresToISt5tupleIJNS_7MatcherIhEES6_EES4_IJhhEEEEvRKT_RKT0_PSo
FN:371,_ZN7testing8internal11TuplePrefixILm2EE22ExplainMatchFailuresToISt5tupleIJNS_7MatcherIhEENS5_IiEES7_EES4_IJhiiEEEEvRKT_RKT0_PSo
FN:371,_ZN7testing8internal11TuplePrefixILm1EE22ExplainMatchFailuresToISt5tupleIJNS_7MatcherIhEENS5_IPFvvEEENS5_IiEEEES4_IJhS8_iEEEEvRKT_RKT0_PSo
FN:371,_ZN7testing8internal11TuplePrefixILm1EE22ExplainMatchFailuresToISt5tupleIJNS_7MatcherIiEES6_EES4_IJiiEEEEvRKT_RKT0_PSo
FN:371,_ZN7testing8internal11TuplePrefixILm2EE22ExplainMatchFailuresToISt5tupleIJNS_7MatcherIhEES6_EES4_IJhhEEEEvRKT_RKT0_PSo
FN:371,_ZN7testing8internal11TuplePrefixILm1EE22ExplainMatchFailuresToISt5tupleIJNS_7MatcherIhEES6_NS5_ImEEEES4_IJhhmEEEEvRKT_RKT0_PSo
FN:371,_ZN7testing8internal11TuplePrefixILm1EE22ExplainMatchFailuresToISt5tupleIJNS_7MatcherIhEEEES4_IJhEEEEvRKT_RKT0_PSo
FN:371,_ZN7testing8internal11TuplePrefixILm2EE22ExplainMatchFailuresToISt5tupleIJNS_7MatcherIhEENS5_IiEEEES4_IJhiEEEEvRKT_RKT0_PSo
FN:371,_ZN7testing8internal11TuplePrefixILm1EE22ExplainMatchFailuresToISt5tupleIJNS_7MatcherIjEEEES4_IJjEEEEvRKT_RKT0_PSo
FN:371,_ZN7testing8internal11TuplePrefixILm1EE22ExplainMatchFailuresToISt5tupleIJNS_7MatcherImEEEES4_IJmEEEEvRKT_RKT0_PSo
FN:371,_ZN7testing8internal11TuplePrefixILm1EE22ExplainMatchFailuresToISt5tupleIJNS_7MatcherIhEENS5_IiEEEES4_IJhiEEEEvRKT_RKT0_PSo
FN:371,_ZN7testing8internal11TuplePrefixILm1EE22ExplainMatchFailuresToISt5tupleIJNS_7MatcherIhEENS5_IiEES7_EES4_IJhiiEEEEvRKT_RKT0_PSo
FN:371,_ZN7testing8internal11TuplePrefixILm2EE22ExplainMatchFailuresToISt5tupleIJNS_7MatcherIhEENS5_IPFvvEEENS5_IiEEEES4_IJhS8_iEEEEvRKT_RKT0_PSo
FN:371,_ZN7testing8internal11TuplePrefixILm2EE22ExplainMatchFailuresToISt5tupleIJNS_7MatcherIiEES6_EES4_IJiiEEEEvRKT_RKT0_PSo
FN:371,_ZN7testing8internal11TuplePrefixILm3EE22ExplainMatchFailuresToISt5tupleIJNS_7MatcherIhEENS5_IPFvvEEENS5_IiEEEES4_IJhS8_iEEEEvRKT_RKT0_PSo
FN:371,_ZN7testing8internal11TuplePrefixILm2EE22ExplainMatchFailuresToISt5tupleIJNS_7MatcherIhEES6_NS5_ImEEEES4_IJhhmEEEEvRKT_RKT0_PSo
FN:371,_ZN7testing8internal11TuplePrefixILm1EE22ExplainMatchFailuresToISt5tupleIJNS_7MatcherIiEEEES4_IJiEEEEvRKT_RKT0_PSo
FN:405,_ZN7testing8internal11TuplePrefixILm0EE7MatchesISt5tupleIJNS_7MatcherImEEEES4_IJmEEEEbRKT_RKT0_
FN:405,_ZN7testing8internal11TuplePrefixILm0EE7MatchesISt5tupleIJNS_7MatcherIiEES6_EES4_IJiiEEEEbRKT_RKT0_
FN:405,_ZN7testing8internal11TuplePrefixILm0EE7MatchesISt5tupleIJEES5_EEbRKT_RKT0_
FN:405,_ZN7testing8internal11TuplePrefixILm0EE7MatchesISt5tupleIJNS_7MatcherIhEES6_NS5_ImEEEES4_IJhhmEEEEbRKT_RKT0_
FN:405,_ZN7testing8internal11TuplePrefixILm0EE7MatchesISt5tupleIJNS_7MatcherIhEES6_EES4_IJhhEEEEbRKT_RKT0_
FN:405,_ZN7testing8internal11TuplePrefixILm0EE7MatchesISt5tupleIJNS_7MatcherIhEENS5_IiEES7_EES4_IJhiiEEEEbRKT_RKT0_
FN:405,_ZN7testing8internal11TuplePrefixILm0EE7MatchesISt5tupleIJNS_7MatcherIjEEEES4_IJjEEEEbRKT_RKT0_
FN:405,_ZN7testing8internal11TuplePrefixILm0EE7MatchesISt5tupleIJNS_7MatcherIhEENS5_IiEEEES4_IJhiEEEEbRKT_RKT0_
FN:405,_ZN7testing8internal11TuplePrefixILm0EE7MatchesISt5tupleIJNS_7MatcherIhEEEES4_IJhEEEEbRKT_RKT0_
FN:405,_ZN7testing8internal11TuplePrefixILm0EE7MatchesISt5tupleIJNS_7MatcherIiEEEES4_IJiEEEEbRKT_RKT0_
FN:405,_ZN7testing8internal11TuplePrefixILm0EE7MatchesISt5tupleIJNS_7MatcherIhEENS5_IPFvvEEENS5_IiEEEES4_IJhS8_iEEEEbRKT_RKT0_
FN:411,_ZN7testing8internal11TuplePrefixILm0EE22ExplainMatchFailuresToISt5tupleIJNS_7MatcherImEEEES4_IJmEEEEvRKT_RKT0_PSo
FN:411,_ZN7testing8internal11TuplePrefixILm0EE22ExplainMatchFailuresToISt5tupleIJNS_7MatcherIiEES6_EES4_IJiiEEEEvRKT_RKT0_PSo
FN:411,_ZN7testing8internal11TuplePrefixILm0EE22ExplainMatchFailuresToISt5tupleIJNS_7MatcherIhEES6_EES4_IJhhEEEEvRKT_RKT0_PSo
FN:411,_ZN7testing8internal11TuplePrefixILm0EE22ExplainMatchFailuresToISt5tupleIJNS_7MatcherIiEEEES4_IJiEEEEvRKT_RKT0_PSo
FN:411,_ZN7testing8internal11TuplePrefixILm0EE22ExplainMatchFailuresToISt5tupleIJNS_7MatcherIjEEEES4_IJjEEEEvRKT_RKT0_PSo
FN:411,_ZN7testing8internal11TuplePrefixILm0EE22ExplainMatchFailuresToISt5tupleIJNS_7MatcherIhEENS5_IiEES7_EES4_IJhiiEEEEvRKT_RKT0_PSo
FN:411,_ZN7testing8internal11TuplePrefixILm0EE22ExplainMatchFailuresToISt5tupleIJNS_7MatcherIhEENS5_IiEEEES4_IJhiEEEEvRKT_RKT0_PSo
FN:411,_ZN7testing8internal11TuplePrefixILm0EE22ExplainMatchFailuresToISt5tupleIJNS_7MatcherIhEENS5_IPFvvEEENS5_IiEEEES4_IJhS8_iEEEEvRKT_RKT0_PSo
FN:411,_ZN7testing8internal11TuplePrefixILm0EE22ExplainMatchFailuresToISt5tupleIJNS_7MatcherIhEES6_NS5_ImEEEES4_IJhhmEEEEvRKT_RKT0_PSo
FN:411,_ZN7testing8internal11TuplePrefixILm0EE22ExplainMatchFailuresToISt5tupleIJNS_7MatcherIhEEEES4_IJhEEEEvRKT_RKT0_PSo
FN:411,_ZN7testing8internal11TuplePrefixILm0EE22ExplainMatchFailuresToISt5tupleIJEES5_EEvRKT_RKT0_PSo
FN:422,_ZN7testing8internal12TupleMatchesISt5tupleIJNS_7MatcherIhEENS3_IiEEEES2_IJhiEEEEbRKT_RKT0_
FN:422,_ZN7testing8internal12TupleMatchesISt5tupleIJNS_7MatcherIhEES4_NS3_ImEEEES2_IJhhmEEEEbRKT_RKT0_
FN:422,_ZN7testing8internal12TupleMatchesISt5tupleIJNS_7MatcherIjEEEES2_IJjEEEEbRKT_RKT0_
FN:422,_ZN7testing8internal12TupleMatchesISt5tupleIJNS_7MatcherIhEENS3_IPFvvEEENS3_IiEEEES2_IJhS6_iEEEEbRKT_RKT0_
FN:422,_ZN7testing8internal12TupleMatchesISt5tupleIJNS_7MatcherImEEEES2_IJmEEEEbRKT_RKT0_
FN:422,_ZN7testing8internal12TupleMatchesISt5tupleIJNS_7MatcherIiEES4_EES2_IJiiEEEEbRKT_RKT0_
FN:422,_ZN7testing8internal12TupleMatchesISt5tupleIJNS_7MatcherIhEES4_EES2_IJhhEEEEbRKT_RKT0_
FN:422,_ZN7testing8internal12TupleMatchesISt5tupleIJNS_7MatcherIhEEEES2_IJhEEEEbRKT_RKT0_
FN:422,_ZN7testing8internal12TupleMatchesISt5tupleIJEES3_EEbRKT_RKT0_
FN:422,_ZN7testing8internal12TupleMatchesISt5tupleIJNS_7MatcherIhEENS3_IiEES5_EES2_IJhiiEEEEbRKT_RKT0_
FN:422,_ZN7testing8internal12TupleMatchesISt5tupleIJNS_7MatcherIiEEEES2_IJiEEEEbRKT_RKT0_
FN:436,_ZN7testing8internal26ExplainMatchFailureTupleToISt5tupleIJNS_7MatcherIhEENS3_IiEES5_EES2_IJhiiEEEEvRKT_RKT0_PSo
FN:436,_ZN7testing8internal26ExplainMatchFailureTupleToISt5tupleIJNS_7MatcherIhEES4_EES2_IJhhEEEEvRKT_RKT0_PSo
FN:436,_ZN7testing8internal26ExplainMatchFailureTupleToISt5tupleIJNS_7MatcherIhEES4_NS3_ImEEEES2_IJhhmEEEEvRKT_RKT0_PSo
FN:436,_ZN7testing8internal26ExplainMatchFailureTupleToISt5tupleIJNS_7MatcherIiEES4_EES2_IJiiEEEEvRKT_RKT0_PSo
FN:436,_ZN7testing8internal26ExplainMatchFailureTupleToISt5tupleIJNS_7MatcherIhEENS3_IiEEEES2_IJhiEEEEvRKT_RKT0_PSo
[...]
DA:48,5
DA:50,5
DA:51,5
DA:53,15
DA:56,15
DA:57,15
DA:59,15
DA:65,21
DA:67,5
DA:68,5
DA:70,5
DA:71,5
DA:73,21
DA:75,5
DA:76,5
DA:78,5
DA:79,5
DA:81,21
DA:83,5
DA:84,5
DA:86,5
DA:87,5
DA:89,15
DA:92,15
DA:93,15
DA:95,15
DA:101,21
DA:103,5
DA:104,5
DA:106,5
DA:107,5
DA:109,21
DA:111,5
DA:112,5
DA:114,5
DA:115,5
DA:117,21
DA:119,5
DA:120,5
DA:122,5
DA:123,8
LF:57
LH:57
end_of_record
TN:
SF:/home/travis/build/platisd/smartcar_shield/test/ut/SimpleCar_test.cpp
FN:10,_ZN13SimpleCarTestD0Ev
FN:10,_ZN13SimpleCarTestD2Ev
FN:13,_ZN13SimpleCarTestC2Ev
FN:22,_Z41__static_initialization_and_destruction_0ii
FN:22,_ZN60SimpleCarTest_setSpeed_WhenTooHighSpeed_WillSetMaxSpeed_Test8TestBodyEv
FN:22,_ZN60SimpleCarTest_setSpeed_WhenTooHighSpeed_WillSetMaxSpeed_TestD2Ev
FN:22,_ZN60SimpleCarTest_setSpeed_WhenTooHighSpeed_WillSetMaxSpeed_TestC2Ev
FN:22,_ZN60SimpleCarTest_setSpeed_WhenTooHighSpeed_WillSetMaxSpeed_TestD0Ev
FN:31,_ZN59SimpleCarTest_setSpeed_WhenTooLowSpeed_WillSetMinSpeed_TestC2Ev
FN:31,_ZN59SimpleCarTest_setSpeed_WhenTooLowSpeed_WillSetMinSpeed_TestD0Ev
FN:31,_ZN59SimpleCarTest_setSpeed_WhenTooLowSpeed_WillSetMinSpeed_Test8TestBodyEv
FN:31,_ZN59SimpleCarTest_setSpeed_WhenTooLowSpeed_WillSetMinSpeed_TestD2Ev
FN:40,_ZN62SimpleCarTest_setSpeed_WhenValidSpeed_WillSetCorrectSpeed_TestC2Ev
FN:40,_ZN62SimpleCarTest_setSpeed_WhenValidSpeed_WillSetCorrectSpeed_Test8TestBodyEv
FN:40,_ZN62SimpleCarTest_setSpeed_WhenValidSpeed_WillSetCorrectSpeed_TestD0Ev
FN:40,_ZN62SimpleCarTest_setSpeed_WhenValidSpeed_WillSetCorrectSpeed_TestD2Ev
FN:49,_ZN61SimpleCarTest_setAngle_WhenTooLargeAngle_WillSetMaxAngle_TestD0Ev
FN:49,_ZN61SimpleCarTest_setAngle_WhenTooLargeAngle_WillSetMaxAngle_TestC2Ev
FN:49,_ZN61SimpleCarTest_setAngle_WhenTooLargeAngle_WillSetMaxAngle_Test8TestBodyEv
FN:49,_ZN61SimpleCarTest_setAngle_WhenTooLargeAngle_WillSetMaxAngle_TestD2Ev
FN:57,_ZN60SimpleCarTest_setAngle_WhenTooLow_Angle_WillSetMinAngle_TestD0Ev
FN:57,_ZN60SimpleCarTest_setAngle_WhenTooLow_Angle_WillSetMinAngle_Test8TestBodyEv
FN:57,_ZN60SimpleCarTest_setAngle_WhenTooLow_Angle_WillSetMinAngle_TestC2Ev
FN:57,_ZN60SimpleCarTest_setAngle_WhenTooLow_Angle_WillSetMinAngle_TestD2Ev
FN:65,_ZN62SimpleCarTest_setAngle_WhenValidAngle_WillSetCorrectAngle_TestD0Ev
FN:65,_ZN62SimpleCarTest_setAngle_WhenValidAngle_WillSetCorrectAngle_TestD2Ev
FN:65,_ZN62SimpleCarTest_setAngle_WhenValidAngle_WillSetCorrectAngle_Test8TestBodyEv
FN:65,_ZN62SimpleCarTest_setAngle_WhenValidAngle_WillSetCorrectAngle_TestC2Ev
FN:73,_ZN73SimpleCarTest_overrideMotorSpeed_WhenOutOfBounds_WillSetCorrectSpeed_TestD2Ev
FN:73,_ZN73SimpleCarTest_overrideMotorSpeed_WhenOutOfBounds_WillSetCorrectSpeed_TestD0Ev
FN:73,_ZN73SimpleCarTest_overrideMotorSpeed_WhenOutOfBounds_WillSetCorrectSpeed_Test8TestBodyEv
FN:73,_ZN73SimpleCarTest_overrideMotorSpeed_WhenOutOfBounds_WillSetCorrectSpeed_TestC2Ev
FN:82,_ZN68SimpleCarTest_overrideMotorSpeed_WhenCalled_WillSetCorrectSpeed_TestD0Ev
FN:82,_ZN68SimpleCarTest_overrideMotorSpeed_WhenCalled_WillSetCorrectSpeed_TestD2Ev
FN:82,_ZN68SimpleCarTest_overrideMotorSpeed_WhenCalled_WillSetCorrectSpeed_Test8TestBodyEv
FN:82,_ZN68SimpleCarTest_overrideMotorSpeed_WhenCalled_WillSetCorrectSpeed_TestC2Ev
FN:89,_GLOBAL__sub_I__ZN60SimpleCarTest_setSpeed_WhenTooHighSpeed_WillSetMaxSpeed_Test10test_info_E
FNDA:40,_ZN13SimpleCarTestD2Ev
FNDA:5,_ZN61SimpleCarTest_setAngle_WhenTooLargeAngle_WillSetMaxAngle_Test8TestBodyEv
FNDA:0,_ZN13SimpleCarTestD0Ev
FNDA:5,_ZN59SimpleCarTest_setSpeed_WhenTooLowSpeed_WillSetMinSpeed_TestD2Ev
FNDA:5,_ZN73SimpleCarTest_overrideMotorSpeed_WhenOutOfBounds_WillSetCorrectSpeed_TestC2Ev
FNDA:5,_ZN61SimpleCarTest_setAngle_WhenTooLargeAngle_WillSetMaxAngle_TestD2Ev
FNDA:5,_ZN68SimpleCarTest_overrideMotorSpeed_WhenCalled_WillSetCorrectSpeed_TestC2Ev
FNDA:5,_ZN68SimpleCarTest_overrideMotorSpeed_WhenCalled_WillSetCorrectSpeed_Test8TestBodyEv
FNDA:5,_ZN60SimpleCarTest_setSpeed_WhenTooHighSpeed_WillSetMaxSpeed_TestD0Ev
FNDA:5,_ZN68SimpleCarTest_overrideMotorSpeed_WhenCalled_WillSetCorrectSpeed_TestD2Ev
FNDA:5,_ZN60SimpleCarTest_setAngle_WhenTooLow_Angle_WillSetMinAngle_TestD2Ev
FNDA:5,_ZN60SimpleCarTest_setAngle_WhenTooLow_Angle_WillSetMinAngle_TestC2Ev
FNDA:5,_ZN61SimpleCarTest_setAngle_WhenTooLargeAngle_WillSetMaxAngle_TestC2Ev
FNDA:5,_ZN62SimpleCarTest_setAngle_WhenValidAngle_WillSetCorrectAngle_TestC2Ev
FNDA:5,_ZN60SimpleCarTest_setSpeed_WhenTooHighSpeed_WillSetMaxSpeed_TestC2Ev
FNDA:5,_ZN62SimpleCarTest_setSpeed_WhenValidSpeed_WillSetCorrectSpeed_TestD2Ev
FNDA:5,_ZN62SimpleCarTest_setAngle_WhenValidAngle_WillSetCorrectAngle_Test8TestBodyEv
FNDA:5,_ZN59SimpleCarTest_setSpeed_WhenTooLowSpeed_WillSetMinSpeed_Test8TestBodyEv
FNDA:5,_ZN60SimpleCarTest_setSpeed_WhenTooHighSpeed_WillSetMaxSpeed_TestD2Ev
FNDA:5,_ZN62SimpleCarTest_setAngle_WhenValidAngle_WillSetCorrectAngle_TestD2Ev
FNDA:5,_ZN62SimpleCarTest_setSpeed_WhenValidSpeed_WillSetCorrectSpeed_TestC2Ev
FNDA:5,_ZN68SimpleCarTest_overrideMotorSpeed_WhenCalled_WillSetCorrectSpeed_TestD0Ev
FNDA:5,_ZN59SimpleCarTest_setSpeed_WhenTooLowSpeed_WillSetMinSpeed_TestC2Ev
FNDA:1,_Z41__static_initialization_and_destruction_0ii
FNDA:5,_ZN62SimpleCarTest_setSpeed_WhenValidSpeed_WillSetCorrectSpeed_Test8TestBodyEv
FNDA:5,_ZN59SimpleCarTest_setSpeed_WhenTooLowSpeed_WillSetMinSpeed_TestD0Ev
FNDA:5,_ZN62SimpleCarTest_setSpeed_WhenValidSpeed_WillSetCorrectSpeed_TestD0Ev
FNDA:5,_ZN73SimpleCarTest_overrideMotorSpeed_WhenOutOfBounds_WillSetCorrectSpeed_Test8TestBodyEv
FNDA:40,_ZN13SimpleCarTestC2Ev
FNDA:5,_ZN60SimpleCarTest_setSpeed_WhenTooHighSpeed_WillSetMaxSpeed_Test8TestBodyEv
FNDA:5,_ZN73SimpleCarTest_overrideMotorSpeed_WhenOutOfBounds_WillSetCorrectSpeed_TestD2Ev
FNDA:5,_ZN62SimpleCarTest_setAngle_WhenValidAngle_WillSetCorrectAngle_TestD0Ev
FNDA:1,_GLOBAL__sub_I__ZN60SimpleCarTest_setSpeed_WhenTooHighSpeed_WillSetMaxSpeed_Test10test_info_E
FNDA:5,_ZN60SimpleCarTest_setAngle_WhenTooLow_Angle_WillSetMinAngle_Test8TestBodyEv
FNDA:5,_ZN61SimpleCarTest_setAngle_WhenTooLargeAngle_WillSetMaxAngle_TestD0Ev
FNDA:5,_ZN60SimpleCarTest_setAngle_WhenTooLow_Angle_WillSetMinAngle_TestD0Ev
FNDA:5,_ZN73SimpleCarTest_overrideMotorSpeed_WhenOutOfBounds_WillSetCorrectSpeed_TestD0Ev
FNF:37
FNH:36
DA:10,40
DA:13,40
DA:14,40
DA:16,40
DA:22,21
DA:24,5
DA:25,5
DA:26,5
DA:28,5
DA:29,5
DA:31,21
DA:33,5
DA:34,5
DA:35,5
DA:37,5
DA:38,5
DA:40,21
DA:42,5
DA:43,5
DA:44,5
DA:46,5
DA:47,5
DA:49,21
DA:51,5
DA:52,5
DA:54,5
DA:55,5
DA:57,21
DA:59,5
DA:60,5
DA:62,5
DA:63,5
DA:65,21
DA:67,5
DA:68,5
DA:70,5
DA:71,5
DA:73,21
DA:75,5
DA:76,5
DA:77,5
DA:79,5
DA:80,5
DA:82,21
DA:84,5
DA:85,5
DA:86,5
DA:88,5
DA:89,8
LF:49
LH:49
end_of_record
TN:
SF:/home/travis/build/platisd/smartcar_shield/test/ut/SmartCar_test.cpp
FN:12,_ZN12SmartCarTestD2Ev
FN:12,_ZN12SmartCarTestD0Ev
FN:15,_ZN12SmartCarTestC2Ev
FN:28,_ZN23SmartCarOneOdometerTestD2Ev
FN:28,_ZN23SmartCarOneOdometerTestD0Ev
FN:31,_ZN23SmartCarOneOdometerTestC2Ev
FN:43,_ZN61SmartCarTest_update_WhenCalled_WillUpdateHeadingAndSpeed_TestD0Ev
FN:43,_Z41__static_initialization_and_destruction_0ii
FN:43,_ZN61SmartCarTest_update_WhenCalled_WillUpdateHeadingAndSpeed_TestC2Ev
FN:43,_ZN61SmartCarTest_update_WhenCalled_WillUpdateHeadingAndSpeed_Test8TestBodyEv
FN:43,_ZN61SmartCarTest_update_WhenCalled_WillUpdateHeadingAndSpeed_TestD2Ev
FN:54,_ZN81SmartCarOneOdometerTest_constructor_WhenOneOdometerSupplied_WillTreatItAsTwo_TestD0Ev
FN:54,_ZN81SmartCarOneOdometerTest_constructor_WhenOneOdometerSupplied_WillTreatItAsTwo_TestC2Ev
FN:54,_ZN81SmartCarOneOdometerTest_constructor_WhenOneOdometerSupplied_WillTreatItAsTwo_TestD2Ev
FN:54,_ZN81SmartCarOneOdometerTest_constructor_WhenOneOdometerSupplied_WillTreatItAsTwo_Test8TestBodyEv
FN:61,_GLOBAL__sub_I__ZN61SmartCarTest_update_WhenCalled_WillUpdateHeadingAndSpeed_Test10test_info_E
FNDA:1,_Z41__static_initialization_and_destruction_0ii
FNDA:5,_ZN61SmartCarTest_update_WhenCalled_WillUpdateHeadingAndSpeed_TestC2Ev
FNDA:5,_ZN61SmartCarTest_update_WhenCalled_WillUpdateHeadingAndSpeed_Test8TestBodyEv
FNDA:5,_ZN12SmartCarTestC2Ev
FNDA:5,_ZN61SmartCarTest_update_WhenCalled_WillUpdateHeadingAndSpeed_TestD0Ev
FNDA:5,_ZN81SmartCarOneOdometerTest_constructor_WhenOneOdometerSupplied_WillTreatItAsTwo_TestD0Ev
FNDA:1,_GLOBAL__sub_I__ZN61SmartCarTest_update_WhenCalled_WillUpdateHeadingAndSpeed_Test10test_info_E
FNDA:5,_ZN23SmartCarOneOdometerTestD2Ev
FNDA:5,_ZN81SmartCarOneOdometerTest_constructor_WhenOneOdometerSupplied_WillTreatItAsTwo_TestC2Ev
FNDA:5,_ZN23SmartCarOneOdometerTestC2Ev
FNDA:5,_ZN81SmartCarOneOdometerTest_constructor_WhenOneOdometerSupplied_WillTreatItAsTwo_TestD2Ev
FNDA:5,_ZN81SmartCarOneOdometerTest_constructor_WhenOneOdometerSupplied_WillTreatItAsTwo_Test8TestBodyEv
FNDA:5,_ZN12SmartCarTestD2Ev
FNDA:5,_ZN61SmartCarTest_update_WhenCalled_WillUpdateHeadingAndSpeed_TestD2Ev
FNDA:0,_ZN23SmartCarOneOdometerTestD0Ev
FNDA:0,_ZN12SmartCarTestD0Ev
FNF:16
FNH:14
DA:12,5
DA:15,5
DA:16,5
DA:18,5
DA:28,5
DA:31,5
DA:32,5
DA:34,5
DA:43,21
DA:46,5
DA:47,5
DA:49,5
DA:51,5
DA:52,5
DA:54,21
DA:56,5
DA:57,5
DA:58,5
DA:60,5
DA:61,8
LF:20
LH:20
end_of_record
TN:
SF:/home/travis/build/platisd/smartcar_shield/test/ut/Utilities_test.cpp
FN:15,_Z41__static_initialization_and_destruction_0ii
FN:18,_ZN70MedianTest_getMedian_WhenCalledWithUnsortedArray_WillReturnMedian_TestC2Ev
FN:18,_ZN70MedianTest_getMedian_WhenCalledWithUnsortedArray_WillReturnMedian_TestD2Ev
FN:18,_ZN70MedianTest_getMedian_WhenCalledWithUnsortedArray_WillReturnMedian_TestD0Ev
FN:18,_ZN70MedianTest_getMedian_WhenCalledWithUnsortedArray_WillReturnMedian_Test8TestBodyEv
FN:23,_ZN71MedianTest_getMedian_WhenCalledWithAscendingArray_WillReturnMedian_TestC2Ev
FN:23,_ZN71MedianTest_getMedian_WhenCalledWithAscendingArray_WillReturnMedian_Test8TestBodyEv
FN:23,_ZN71MedianTest_getMedian_WhenCalledWithAscendingArray_WillReturnMedian_TestD2Ev
FN:23,_ZN71MedianTest_getMedian_WhenCalledWithAscendingArray_WillReturnMedian_TestD0Ev
FN:29,_ZN72MedianTest_getMedian_WhenCalledWithDescendingArray_WillReturnMedian_TestD2Ev
FN:29,_ZN72MedianTest_getMedian_WhenCalledWithDescendingArray_WillReturnMedian_TestC2Ev
FN:29,_ZN72MedianTest_getMedian_WhenCalledWithDescendingArray_WillReturnMedian_TestD0Ev
FN:29,_ZN72MedianTest_getMedian_WhenCalledWithDescendingArray_WillReturnMedian_Test8TestBodyEv
FN:35,_ZN72ConstrainTest_getConstrain_WhenSmallerThanMinimum_WillReturnMinimum_TestD0Ev
FN:35,_ZN72ConstrainTest_getConstrain_WhenSmallerThanMinimum_WillReturnMinimum_TestC2Ev
FN:35,_ZN72ConstrainTest_getConstrain_WhenSmallerThanMinimum_WillReturnMinimum_Test8TestBodyEv
FN:35,_ZN72ConstrainTest_getConstrain_WhenSmallerThanMinimum_WillReturnMinimum_TestD2Ev
FN:43,_ZN71ConstrainTest_getConstrain_WhenLargerThanMaximum_WillReturnMaximum_TestC2Ev
FN:43,_ZN71ConstrainTest_getConstrain_WhenLargerThanMaximum_WillReturnMaximum_TestD2Ev
FN:43,_ZN71ConstrainTest_getConstrain_WhenLargerThanMaximum_WillReturnMaximum_TestD0Ev
FN:43,_ZN71ConstrainTest_getConstrain_WhenLargerThanMaximum_WillReturnMaximum_Test8TestBodyEv
FN:51,_ZN64ConstrainTest_getConstrain_WhenWithinRange_WillReturnNumber_TestC2Ev
FN:51,_ZN64ConstrainTest_getConstrain_WhenWithinRange_WillReturnNumber_Test8TestBodyEv
FN:51,_ZN64ConstrainTest_getConstrain_WhenWithinRange_WillReturnNumber_TestD0Ev
FN:51,_ZN64ConstrainTest_getConstrain_WhenWithinRange_WillReturnNumber_TestD2Ev
FN:59,_ZN67AbsoluteTest_getAbsolute_WhenNegativeNumber_WillReturnPositive_TestC2Ev
FN:59,_ZN67AbsoluteTest_getAbsolute_WhenNegativeNumber_WillReturnPositive_TestD2Ev
FN:59,_ZN67AbsoluteTest_getAbsolute_WhenNegativeNumber_WillReturnPositive_Test8TestBodyEv
FN:59,_ZN67AbsoluteTest_getAbsolute_WhenNegativeNumber_WillReturnPositive_TestD0Ev
FN:65,_ZN68AbsoluteTest_getAbsolute_WhenNonNegativeNumber_WillReturnNumber_TestD0Ev
FN:65,_ZN68AbsoluteTest_getAbsolute_WhenNonNegativeNumber_WillReturnNumber_Test8TestBodyEv
FN:65,_ZN68AbsoluteTest_getAbsolute_WhenNonNegativeNumber_WillReturnNumber_TestD2Ev
FN:65,_ZN68AbsoluteTest_getAbsolute_WhenNonNegativeNumber_WillReturnNumber_TestC2Ev
FN:71,_ZN68MapTest_getMap_WhenInvalidRange_WillReturnLowerTargetRangeLimit_TestD2Ev
FN:71,_ZN68MapTest_getMap_WhenInvalidRange_WillReturnLowerTargetRangeLimit_Test8TestBodyEv
FN:71,_ZN68MapTest_getMap_WhenInvalidRange_WillReturnLowerTargetRangeLimit_TestD0Ev
FN:71,_ZN68MapTest_getMap_WhenInvalidRange_WillReturnLowerTargetRangeLimit_TestC2Ev
FN:83,_ZN65MapTest_getMap_WhenValidArguments_WillReturnValidMappedValue_Test8TestBodyEv
FN:83,_ZN65MapTest_getMap_WhenValidArguments_WillReturnValidMappedValue_TestD0Ev
FN:83,_ZN65MapTest_getMap_WhenValidArguments_WillReturnValidMappedValue_TestC2Ev
FN:83,_ZN65MapTest_getMap_WhenValidArguments_WillReturnValidMappedValue_TestD2Ev
FN:95,_ZN64MapTest_getMap_WhenFloatArguments_WillReturnValidFloatValue_Test8TestBodyEv
FN:95,_ZN64MapTest_getMap_WhenFloatArguments_WillReturnValidFloatValue_TestD2Ev
FN:95,_ZN64MapTest_getMap_WhenFloatArguments_WillReturnValidFloatValue_TestC2Ev
FN:95,_ZN64MapTest_getMap_WhenFloatArguments_WillReturnValidFloatValue_TestD0Ev
FN:107,_ZN64AlmostEqualTest_areAlmostEqual_WhenNotEqual_WillReturnFalse_TestD2Ev
FN:107,_ZN64AlmostEqualTest_areAlmostEqual_WhenNotEqual_WillReturnFalse_TestD0Ev
FN:107,_ZN64AlmostEqualTest_areAlmostEqual_WhenNotEqual_WillReturnFalse_TestC2Ev
FN:107,_ZN64AlmostEqualTest_areAlmostEqual_WhenNotEqual_WillReturnFalse_Test8TestBodyEv
FN:112,_ZN86AlmostEqualTest_areAlmostEqual_WhenSignedDifferentlyButAlmostEqual_WillReturnTrue_TestD0Ev
FN:112,_ZN86AlmostEqualTest_areAlmostEqual_WhenSignedDifferentlyButAlmostEqual_WillReturnTrue_TestD2Ev
FN:112,_ZN86AlmostEqualTest_areAlmostEqual_WhenSignedDifferentlyButAlmostEqual_WillReturnTrue_TestC2Ev
FN:112,_ZN86AlmostEqualTest_areAlmostEqual_WhenSignedDifferentlyButAlmostEqual_WillReturnTrue_Test8TestBodyEv
FN:117,_ZN79AlmostEqualTest_areAlmostEqual_WhenSignedSameAndAlmostEqual_WillReturnTrue_TestD2Ev
FN:117,_ZN79AlmostEqualTest_areAlmostEqual_WhenSignedSameAndAlmostEqual_WillReturnTrue_Test8TestBodyEv
FN:117,_ZN79AlmostEqualTest_areAlmostEqual_WhenSignedSameAndAlmostEqual_WillReturnTrue_TestD0Ev
FN:117,_ZN79AlmostEqualTest_areAlmostEqual_WhenSignedSameAndAlmostEqual_WillReturnTrue_TestC2Ev
FN:120,_GLOBAL__sub_I__ZN70MedianTest_getMedian_WhenCalledWithUnsortedArray_WillReturnMedian_Test10test_info_E
FNDA:5,_ZN67AbsoluteTest_getAbsolute_WhenNegativeNumber_WillReturnPositive_TestD2Ev
FNDA:1,_Z41__static_initialization_and_destruction_0ii
FNDA:5,_ZN86AlmostEqualTest_areAlmostEqual_WhenSignedDifferentlyButAlmostEqual_WillReturnTrue_TestC2Ev
FNDA:5,_ZN68AbsoluteTest_getAbsolute_WhenNonNegativeNumber_WillReturnNumber_TestD2Ev
FNDA:5,_ZN79AlmostEqualTest_areAlmostEqual_WhenSignedSameAndAlmostEqual_WillReturnTrue_TestD2Ev
FNDA:5,_ZN68MapTest_getMap_WhenInvalidRange_WillReturnLowerTargetRangeLimit_Test8TestBodyEv
FNDA:5,_ZN86AlmostEqualTest_areAlmostEqual_WhenSignedDifferentlyButAlmostEqual_WillReturnTrue_TestD2Ev
FNDA:5,_ZN71MedianTest_getMedian_WhenCalledWithAscendingArray_WillReturnMedian_TestD0Ev
FNDA:5,_ZN64MapTest_getMap_WhenFloatArguments_WillReturnValidFloatValue_TestD0Ev
FNDA:5,_ZN72ConstrainTest_getConstrain_WhenSmallerThanMinimum_WillReturnMinimum_TestD0Ev
FNDA:5,_ZN68AbsoluteTest_getAbsolute_WhenNonNegativeNumber_WillReturnNumber_Test8TestBodyEv
FNDA:5,_ZN65MapTest_getMap_WhenValidArguments_WillReturnValidMappedValue_Test8TestBodyEv
FNDA:5,_ZN71MedianTest_getMedian_WhenCalledWithAscendingArray_WillReturnMedian_TestD2Ev
FNDA:5,_ZN70MedianTest_getMedian_WhenCalledWithUnsortedArray_WillReturnMedian_TestD2Ev
FNDA:5,_ZN70MedianTest_getMedian_WhenCalledWithUnsortedArray_WillReturnMedian_TestD0Ev
FNDA:5,_ZN71ConstrainTest_getConstrain_WhenLargerThanMaximum_WillReturnMaximum_TestD2Ev
FNDA:5,_ZN64MapTest_getMap_WhenFloatArguments_WillReturnValidFloatValue_TestC2Ev
FNDA:5,_ZN72MedianTest_getMedian_WhenCalledWithDescendingArray_WillReturnMedian_TestD2Ev
FNDA:5,_ZN64MapTest_getMap_WhenFloatArguments_WillReturnValidFloatValue_TestD2Ev
FNDA:5,_ZN67AbsoluteTest_getAbsolute_WhenNegativeNumber_WillReturnPositive_TestC2Ev
FNDA:5,_ZN70MedianTest_getMedian_WhenCalledWithUnsortedArray_WillReturnMedian_TestC2Ev
FNDA:5,_ZN86AlmostEqualTest_areAlmostEqual_WhenSignedDifferentlyButAlmostEqual_WillReturnTrue_TestD0Ev
FNDA:5,_ZN71ConstrainTest_getConstrain_WhenLargerThanMaximum_WillReturnMaximum_TestC2Ev
FNDA:5,_ZN64AlmostEqualTest_areAlmostEqual_WhenNotEqual_WillReturnFalse_TestC2Ev
FNDA:5,_ZN64AlmostEqualTest_areAlmostEqual_WhenNotEqual_WillReturnFalse_TestD0Ev
FNDA:5,_ZN68MapTest_getMap_WhenInvalidRange_WillReturnLowerTargetRangeLimit_TestD2Ev
FNDA:5,_ZN68AbsoluteTest_getAbsolute_WhenNonNegativeNumber_WillReturnNumber_TestD0Ev
FNDA:5,_ZN64MapTest_getMap_WhenFloatArguments_WillReturnValidFloatValue_Test8TestBodyEv
FNDA:5,_ZN71MedianTest_getMedian_WhenCalledWithAscendingArray_WillReturnMedian_Test8TestBodyEv
FNDA:5,_ZN71MedianTest_getMedian_WhenCalledWithAscendingArray_WillReturnMedian_TestC2Ev
FNDA:5,_ZN64AlmostEqualTest_areAlmostEqual_WhenNotEqual_WillReturnFalse_TestD2Ev
FNDA:5,_ZN72MedianTest_getMedian_WhenCalledWithDescendingArray_WillReturnMedian_Test8TestBodyEv
FNDA:5,_ZN71ConstrainTest_getConstrain_WhenLargerThanMaximum_WillReturnMaximum_Test8TestBodyEv
FNDA:5,_ZN67AbsoluteTest_getAbsolute_WhenNegativeNumber_WillReturnPositive_TestD0Ev
FNDA:5,_ZN68MapTest_getMap_WhenInvalidRange_WillReturnLowerTargetRangeLimit_TestC2Ev
FNDA:5,_ZN68AbsoluteTest_getAbsolute_WhenNonNegativeNumber_WillReturnNumber_TestC2Ev
FNDA:5,_ZN64ConstrainTest_getConstrain_WhenWithinRange_WillReturnNumber_TestD2Ev
FNDA:5,_ZN79AlmostEqualTest_areAlmostEqual_WhenSignedSameAndAlmostEqual_WillReturnTrue_TestC2Ev
FNDA:5,_ZN67AbsoluteTest_getAbsolute_WhenNegativeNumber_WillReturnPositive_Test8TestBodyEv
FNDA:5,_ZN65MapTest_getMap_WhenValidArguments_WillReturnValidMappedValue_TestD2Ev
FNDA:1,_GLOBAL__sub_I__ZN70MedianTest_getMedian_WhenCalledWithUnsortedArray_WillReturnMedian_Test10test_info_E
FNDA:5,_ZN64AlmostEqualTest_areAlmostEqual_WhenNotEqual_WillReturnFalse_Test8TestBodyEv
FNDA:5,_ZN86AlmostEqualTest_areAlmostEqual_WhenSignedDifferentlyButAlmostEqual_WillReturnTrue_Test8TestBodyEv
FNDA:5,_ZN65MapTest_getMap_WhenValidArguments_WillReturnValidMappedValue_TestC2Ev
FNDA:5,_ZN71ConstrainTest_getConstrain_WhenLargerThanMaximum_WillReturnMaximum_TestD0Ev
FNDA:5,_ZN79AlmostEqualTest_areAlmostEqual_WhenSignedSameAndAlmostEqual_WillReturnTrue_TestD0Ev
FNDA:5,_ZN64ConstrainTest_getConstrain_WhenWithinRange_WillReturnNumber_Test8TestBodyEv
FNDA:5,_ZN72MedianTest_getMedian_WhenCalledWithDescendingArray_WillReturnMedian_TestD0Ev
FNDA:5,_ZN64ConstrainTest_getConstrain_WhenWithinRange_WillReturnNumber_TestD0Ev
FNDA:5,_ZN64ConstrainTest_getConstrain_WhenWithinRange_WillReturnNumber_TestC2Ev
FNDA:5,_ZN65MapTest_getMap_WhenValidArguments_WillReturnValidMappedValue_TestD0Ev
FNDA:5,_ZN79AlmostEqualTest_areAlmostEqual_WhenSignedSameAndAlmostEqual_WillReturnTrue_Test8TestBodyEv
FNDA:5,_ZN72ConstrainTest_getConstrain_WhenSmallerThanMinimum_WillReturnMinimum_TestD2Ev
FNDA:5,_ZN72MedianTest_getMedian_WhenCalledWithDescendingArray_WillReturnMedian_TestC2Ev
FNDA:5,_ZN68MapTest_getMap_WhenInvalidRange_WillReturnLowerTargetRangeLimit_TestD0Ev
FNDA:5,_ZN72ConstrainTest_getConstrain_WhenSmallerThanMinimum_WillReturnMinimum_Test8TestBodyEv
FNDA:5,_ZN72ConstrainTest_getConstrain_WhenSmallerThanMinimum_WillReturnMinimum_TestC2Ev
FNDA:5,_ZN70MedianTest_getMedian_WhenCalledWithUnsortedArray_WillReturnMedian_Test8TestBodyEv
FNF:58
FNH:58
DA:15,1
DA:18,21
DA:20,5
DA:21,5
DA:23,21
DA:25,5
DA:26,5
DA:27,5
DA:29,21
DA:31,5
DA:32,5
DA:33,5
DA:35,21
DA:37,5
DA:38,5
DA:39,5
DA:40,5
DA:41,5
DA:43,21
DA:45,5
DA:46,5
DA:47,5
DA:48,5
DA:49,5
DA:51,21
DA:53,5
DA:54,5
DA:55,5
DA:56,5
DA:57,5
DA:59,21
DA:61,5
DA:62,5
DA:63,5
DA:65,21
DA:67,5
DA:68,5
DA:69,5
DA:71,21
DA:73,5
DA:74,5
DA:75,5
DA:76,5
DA:77,5
DA:78,5
DA:80,5
DA:81,5
DA:83,21
DA:85,5
DA:86,5
DA:87,5
DA:88,5
DA:89,5
DA:90,5
DA:92,5
DA:93,5
DA:95,21
DA:97,5
DA:98,5
DA:99,5
DA:100,5
DA:101,5
DA:102,5
DA:104,5
DA:105,5
DA:107,21
DA:109,5
DA:110,5
DA:112,21
DA:114,5
DA:115,5
DA:117,21
DA:119,5
DA:120,8
LF:74
LH:74
end_of_record
